<?xml version="1.0" encoding="UTF-8"?>
<testsuites>
  <testsuite name="/home/nckrtl/projects/laravel-toolbar/phpunit.xml.dist" tests="328" assertions="523" errors="0" failures="0" skipped="0" time="2.001528">
    <testsuite name="NckRtl Test Suite" tests="328" assertions="523" errors="0" failures="0" skipped="0" time="2.001528">
      <testsuite name="Tests\Unit\Data\Configurations\CollectorConfigTest" file="tests/Unit/Data/Configurations/CollectorConfigTest.php" tests="32" assertions="51" errors="0" failures="0" skipped="0" time="0.187621">
        <testcase name="it LaravelConfig has environment field enabled by default" file="tests/Unit/Data/Configurations/CollectorConfigTest.php::it LaravelConfig has environment field enabled by default" class="Tests\Unit\Data\Configurations\CollectorConfigTest" classname="Tests.Unit.Data.Configurations.CollectorConfigTest" assertions="1" time="0.065819"/>
        <testcase name="it RequestConfig can set dataProvider" file="tests/Unit/Data/Configurations/CollectorConfigTest.php::it RequestConfig can set dataProvider" class="Tests\Unit\Data\Configurations\CollectorConfigTest" classname="Tests.Unit.Data.Configurations.CollectorConfigTest" assertions="1" time="0.005134"/>
        <testcase name="it RequestConfig is enabled by default" file="tests/Unit/Data/Configurations/CollectorConfigTest.php::it RequestConfig is enabled by default" class="Tests\Unit\Data\Configurations\CollectorConfigTest" classname="Tests.Unit.Data.Configurations.CollectorConfigTest" assertions="2" time="0.004189"/>
        <testcase name="it ProfilerConfig implements CollectorConfig" file="tests/Unit/Data/Configurations/CollectorConfigTest.php::it ProfilerConfig implements CollectorConfig" class="Tests\Unit\Data\Configurations\CollectorConfigTest" classname="Tests.Unit.Data.Configurations.CollectorConfigTest" assertions="1" time="0.004163"/>
        <testcase name="it CollectorConfig interface CollectorConfigTest isEnabled method" file="tests/Unit/Data/Configurations/CollectorConfigTest.php::it CollectorConfig interface CollectorConfigTest isEnabled method" class="Tests\Unit\Data\Configurations\CollectorConfigTest" classname="Tests.Unit.Data.Configurations.CollectorConfigTest" assertions="2" time="0.003848"/>
        <testcase name="it ModelsConfig is enabled by default" file="tests/Unit/Data/Configurations/CollectorConfigTest.php::it ModelsConfig is enabled by default" class="Tests\Unit\Data\Configurations\CollectorConfigTest" classname="Tests.Unit.Data.Configurations.CollectorConfigTest" assertions="2" time="0.003595"/>
        <testcase name="it LaravelConfig is enabled by default" file="tests/Unit/Data/Configurations/CollectorConfigTest.php::it LaravelConfig is enabled by default" class="Tests\Unit\Data\Configurations\CollectorConfigTest" classname="Tests.Unit.Data.Configurations.CollectorConfigTest" assertions="2" time="0.003653"/>
        <testcase name="it LaravelConfig has timezone field enabled by default" file="tests/Unit/Data/Configurations/CollectorConfigTest.php::it LaravelConfig has timezone field enabled by default" class="Tests\Unit\Data\Configurations\CollectorConfigTest" classname="Tests.Unit.Data.Configurations.CollectorConfigTest" assertions="1" time="0.004373"/>
        <testcase name="it PhpConfig can be disabled" file="tests/Unit/Data/Configurations/CollectorConfigTest.php::it PhpConfig can be disabled" class="Tests\Unit\Data\Configurations\CollectorConfigTest" classname="Tests.Unit.Data.Configurations.CollectorConfigTest" assertions="2" time="0.003982"/>
        <testcase name="it LaravelConfig has locale field enabled by default" file="tests/Unit/Data/Configurations/CollectorConfigTest.php::it LaravelConfig has locale field enabled by default" class="Tests\Unit\Data\Configurations\CollectorConfigTest" classname="Tests.Unit.Data.Configurations.CollectorConfigTest" assertions="1" time="0.003853"/>
        <testcase name="it RequestConfig implements CollectorConfig" file="tests/Unit/Data/Configurations/CollectorConfigTest.php::it RequestConfig implements CollectorConfig" class="Tests\Unit\Data\Configurations\CollectorConfigTest" classname="Tests.Unit.Data.Configurations.CollectorConfigTest" assertions="1" time="0.004154"/>
        <testcase name="it ProfilerConfig can be disabled" file="tests/Unit/Data/Configurations/CollectorConfigTest.php::it ProfilerConfig can be disabled" class="Tests\Unit\Data\Configurations\CollectorConfigTest" classname="Tests.Unit.Data.Configurations.CollectorConfigTest" assertions="2" time="0.004344"/>
        <testcase name="it LaravelConfig has debug field enabled by default" file="tests/Unit/Data/Configurations/CollectorConfigTest.php::it LaravelConfig has debug field enabled by default" class="Tests\Unit\Data\Configurations\CollectorConfigTest" classname="Tests.Unit.Data.Configurations.CollectorConfigTest" assertions="1" time="0.003973"/>
        <testcase name="it LaravelConfig can be disabled" file="tests/Unit/Data/Configurations/CollectorConfigTest.php::it LaravelConfig can be disabled" class="Tests\Unit\Data\Configurations\CollectorConfigTest" classname="Tests.Unit.Data.Configurations.CollectorConfigTest" assertions="2" time="0.003705"/>
        <testcase name="it RequestConfig can be disabled" file="tests/Unit/Data/Configurations/CollectorConfigTest.php::it RequestConfig can be disabled" class="Tests\Unit\Data\Configurations\CollectorConfigTest" classname="Tests.Unit.Data.Configurations.CollectorConfigTest" assertions="2" time="0.003712"/>
        <testcase name="it RequestConfig has null dataProvider by default" file="tests/Unit/Data/Configurations/CollectorConfigTest.php::it RequestConfig has null dataProvider by default" class="Tests\Unit\Data\Configurations\CollectorConfigTest" classname="Tests.Unit.Data.Configurations.CollectorConfigTest" assertions="1" time="0.004294"/>
        <testcase name="it QueriesConfig is enabled by default" file="tests/Unit/Data/Configurations/CollectorConfigTest.php::it QueriesConfig is enabled by default" class="Tests\Unit\Data\Configurations\CollectorConfigTest" classname="Tests.Unit.Data.Configurations.CollectorConfigTest" assertions="2" time="0.004086"/>
        <testcase name="it LaravelConfig implements CollectorConfig" file="tests/Unit/Data/Configurations/CollectorConfigTest.php::it LaravelConfig implements CollectorConfig" class="Tests\Unit\Data\Configurations\CollectorConfigTest" classname="Tests.Unit.Data.Configurations.CollectorConfigTest" assertions="1" time="0.004075"/>
        <testcase name="it QueriesConfig can hide session queries" file="tests/Unit/Data/Configurations/CollectorConfigTest.php::it QueriesConfig can hide session queries" class="Tests\Unit\Data\Configurations\CollectorConfigTest" classname="Tests.Unit.Data.Configurations.CollectorConfigTest" assertions="1" time="0.003924"/>
        <testcase name="it LaravelConfig has version field enabled by default" file="tests/Unit/Data/Configurations/CollectorConfigTest.php::it LaravelConfig has version field enabled by default" class="Tests\Unit\Data\Configurations\CollectorConfigTest" classname="Tests.Unit.Data.Configurations.CollectorConfigTest" assertions="1" time="0.003885"/>
        <testcase name="it QueriesConfig shows session queries by default" file="tests/Unit/Data/Configurations/CollectorConfigTest.php::it QueriesConfig shows session queries by default" class="Tests\Unit\Data\Configurations\CollectorConfigTest" classname="Tests.Unit.Data.Configurations.CollectorConfigTest" assertions="1" time="0.004373"/>
        <testcase name="it ModelsConfig can be disabled" file="tests/Unit/Data/Configurations/CollectorConfigTest.php::it ModelsConfig can be disabled" class="Tests\Unit\Data\Configurations\CollectorConfigTest" classname="Tests.Unit.Data.Configurations.CollectorConfigTest" assertions="2" time="0.004089"/>
        <testcase name="it ProfilerConfig is enabled by default" file="tests/Unit/Data/Configurations/CollectorConfigTest.php::it ProfilerConfig is enabled by default" class="Tests\Unit\Data\Configurations\CollectorConfigTest" classname="Tests.Unit.Data.Configurations.CollectorConfigTest" assertions="2" time="0.003897"/>
        <testcase name="it ResponseConfig implements CollectorConfig" file="tests/Unit/Data/Configurations/CollectorConfigTest.php::it ResponseConfig implements CollectorConfig" class="Tests\Unit\Data\Configurations\CollectorConfigTest" classname="Tests.Unit.Data.Configurations.CollectorConfigTest" assertions="1" time="0.003553"/>
        <testcase name="it ResponseConfig can be disabled" file="tests/Unit/Data/Configurations/CollectorConfigTest.php::it ResponseConfig can be disabled" class="Tests\Unit\Data\Configurations\CollectorConfigTest" classname="Tests.Unit.Data.Configurations.CollectorConfigTest" assertions="2" time="0.003609"/>
        <testcase name="it ResponseConfig is enabled by default" file="tests/Unit/Data/Configurations/CollectorConfigTest.php::it ResponseConfig is enabled by default" class="Tests\Unit\Data\Configurations\CollectorConfigTest" classname="Tests.Unit.Data.Configurations.CollectorConfigTest" assertions="2" time="0.003708"/>
        <testcase name="it PhpConfig implements CollectorConfig" file="tests/Unit/Data/Configurations/CollectorConfigTest.php::it PhpConfig implements CollectorConfig" class="Tests\Unit\Data\Configurations\CollectorConfigTest" classname="Tests.Unit.Data.Configurations.CollectorConfigTest" assertions="1" time="0.003363"/>
        <testcase name="it ModelsConfig implements CollectorConfig" file="tests/Unit/Data/Configurations/CollectorConfigTest.php::it ModelsConfig implements CollectorConfig" class="Tests\Unit\Data\Configurations\CollectorConfigTest" classname="Tests.Unit.Data.Configurations.CollectorConfigTest" assertions="1" time="0.003728"/>
        <testcase name="it QueriesConfig implements CollectorConfig" file="tests/Unit/Data/Configurations/CollectorConfigTest.php::it QueriesConfig implements CollectorConfig" class="Tests\Unit\Data\Configurations\CollectorConfigTest" classname="Tests.Unit.Data.Configurations.CollectorConfigTest" assertions="1" time="0.003679"/>
        <testcase name="it LaravelConfig can disable individual fields" file="tests/Unit/Data/Configurations/CollectorConfigTest.php::it LaravelConfig can disable individual fields" class="Tests\Unit\Data\Configurations\CollectorConfigTest" classname="Tests.Unit.Data.Configurations.CollectorConfigTest" assertions="5" time="0.003577"/>
        <testcase name="it PhpConfig is enabled by default" file="tests/Unit/Data/Configurations/CollectorConfigTest.php::it PhpConfig is enabled by default" class="Tests\Unit\Data\Configurations\CollectorConfigTest" classname="Tests.Unit.Data.Configurations.CollectorConfigTest" assertions="2" time="0.003564"/>
        <testcase name="it QueriesConfig can be disabled" file="tests/Unit/Data/Configurations/CollectorConfigTest.php::it QueriesConfig can be disabled" class="Tests\Unit\Data\Configurations\CollectorConfigTest" classname="Tests.Unit.Data.Configurations.CollectorConfigTest" assertions="2" time="0.003720"/>
      </testsuite>
      <testsuite name="Tests\Unit\Collectors\RequestCollectorTest" file="tests/Unit/Collectors/RequestCollectorTest.php" tests="12" assertions="13" errors="0" failures="0" skipped="0" time="0.068766">
        <testcase name="it has correct key" file="tests/Unit/Collectors/RequestCollectorTest.php::it has correct key" class="Tests\Unit\Collectors\RequestCollectorTest" classname="Tests.Unit.Collectors.RequestCollectorTest" assertions="1" time="0.022610"/>
        <testcase name="it detects inertia requests" file="tests/Unit/Collectors/RequestCollectorTest.php::it detects inertia requests" class="Tests\Unit\Collectors\RequestCollectorTest" classname="Tests.Unit.Collectors.RequestCollectorTest" assertions="1" time="0.009032"/>
        <testcase name="it returns request data dto" file="tests/Unit/Collectors/RequestCollectorTest.php::it returns request data dto" class="Tests\Unit\Collectors\RequestCollectorTest" classname="Tests.Unit.Collectors.RequestCollectorTest" assertions="1" time="0.003645"/>
        <testcase name="it returns dash for controller action when no route matched" file="tests/Unit/Collectors/RequestCollectorTest.php::it returns dash for controller action when no route matched" class="Tests\Unit\Collectors\RequestCollectorTest" classname="Tests.Unit.Collectors.RequestCollectorTest" assertions="1" time="0.003427"/>
        <testcase name="it has correct config class" file="tests/Unit/Collectors/RequestCollectorTest.php::it has correct config class" class="Tests\Unit\Collectors\RequestCollectorTest" classname="Tests.Unit.Collectors.RequestCollectorTest" assertions="1" time="0.003192"/>
        <testcase name="it collects request uri" file="tests/Unit/Collectors/RequestCollectorTest.php::it collects request uri" class="Tests\Unit\Collectors\RequestCollectorTest" classname="Tests.Unit.Collectors.RequestCollectorTest" assertions="1" time="0.003350"/>
        <testcase name="it collects controller action when route is matched" file="tests/Unit/Collectors/RequestCollectorTest.php::it collects controller action when route is matched" class="Tests\Unit\Collectors\RequestCollectorTest" classname="Tests.Unit.Collectors.RequestCollectorTest" assertions="1" time="0.004749"/>
        <testcase name="it returns empty middleware array when no route matched" file="tests/Unit/Collectors/RequestCollectorTest.php::it returns empty middleware array when no route matched" class="Tests\Unit\Collectors\RequestCollectorTest" classname="Tests.Unit.Collectors.RequestCollectorTest" assertions="2" time="0.003967"/>
        <testcase name="it collects ip address" file="tests/Unit/Collectors/RequestCollectorTest.php::it collects ip address" class="Tests\Unit\Collectors\RequestCollectorTest" classname="Tests.Unit.Collectors.RequestCollectorTest" assertions="1" time="0.003771"/>
        <testcase name="it collects middleware stack when route is matched" file="tests/Unit/Collectors/RequestCollectorTest.php::it collects middleware stack when route is matched" class="Tests\Unit\Collectors\RequestCollectorTest" classname="Tests.Unit.Collectors.RequestCollectorTest" assertions="1" time="0.003588"/>
        <testcase name="it detects non-inertia requests" file="tests/Unit/Collectors/RequestCollectorTest.php::it detects non-inertia requests" class="Tests\Unit\Collectors\RequestCollectorTest" classname="Tests.Unit.Collectors.RequestCollectorTest" assertions="1" time="0.003766"/>
        <testcase name="it collects request method" file="tests/Unit/Collectors/RequestCollectorTest.php::it collects request method" class="Tests\Unit\Collectors\RequestCollectorTest" classname="Tests.Unit.Collectors.RequestCollectorTest" assertions="1" time="0.003669"/>
      </testsuite>
      <testsuite name="Tests\Unit\EdgeCasesTest" file="tests/Unit/EdgeCasesTest.php" tests="27" assertions="42" errors="0" failures="0" skipped="0" time="0.154125">
        <testcase name="it handles large html response" file="tests/Unit/EdgeCasesTest.php::it handles large html response" class="Tests\Unit\EdgeCasesTest" classname="Tests.Unit.EdgeCasesTest" assertions="2" time="0.032321"/>
        <testcase name="it TailwindCollector checks both vite plugin and main package" file="tests/Unit/EdgeCasesTest.php::it TailwindCollector checks both vite plugin and main package" class="Tests\Unit\EdgeCasesTest" classname="Tests.Unit.EdgeCasesTest" assertions="1" time="0.004459"/>
        <testcase name="it QueriesCollector handles zero queries without division by zero" file="tests/Unit/EdgeCasesTest.php::it QueriesCollector handles zero queries without division by zero" class="Tests\Unit\EdgeCasesTest" classname="Tests.Unit.EdgeCasesTest" assertions="4" time="0.008517"/>
        <testcase name="it does not inject when content has no body tag" file="tests/Unit/EdgeCasesTest.php::it does not inject when content has no body tag" class="Tests\Unit\EdgeCasesTest" classname="Tests.Unit.EdgeCasesTest" assertions="1" time="0.004162"/>
        <testcase name="it injects for mixed case Body tag (case-insensitive)" file="tests/Unit/EdgeCasesTest.php::it injects for mixed case Body tag (case-insensitive)" class="Tests\Unit\EdgeCasesTest" classname="Tests.Unit.EdgeCasesTest" assertions="1" time="0.004130"/>
        <testcase name="it injects when content-type header is missing but has body tag" file="tests/Unit/EdgeCasesTest.php::it injects when content-type header is missing but has body tag" class="Tests\Unit\EdgeCasesTest" classname="Tests.Unit.EdgeCasesTest" assertions="1" time="0.004058"/>
        <testcase name="it injects for uppercase BODY tag (case-insensitive)" file="tests/Unit/EdgeCasesTest.php::it injects for uppercase BODY tag (case-insensitive)" class="Tests\Unit\EdgeCasesTest" classname="Tests.Unit.EdgeCasesTest" assertions="1" time="0.003993"/>
        <testcase name="it handles empty response body" file="tests/Unit/EdgeCasesTest.php::it handles empty response body" class="Tests\Unit\EdgeCasesTest" classname="Tests.Unit.EdgeCasesTest" assertions="1" time="0.003784"/>
        <testcase name="it CollectorManager generates unique ids" file="tests/Unit/EdgeCasesTest.php::it CollectorManager generates unique ids" class="Tests\Unit\EdgeCasesTest" classname="Tests.Unit.EdgeCasesTest" assertions="1" time="0.004141"/>
        <testcase name="it handles 500 response" file="tests/Unit/EdgeCasesTest.php::it handles 500 response" class="Tests\Unit\EdgeCasesTest" classname="Tests.Unit.EdgeCasesTest" assertions="2" time="0.004307"/>
        <testcase name="it injects for xhtml content type with body tag" file="tests/Unit/EdgeCasesTest.php::it injects for xhtml content type with body tag" class="Tests\Unit\EdgeCasesTest" classname="Tests.Unit.EdgeCasesTest" assertions="1" time="0.004319"/>
        <testcase name="it Profiler handles getting stages with no checkpoints" file="tests/Unit/EdgeCasesTest.php::it Profiler handles getting stages with no checkpoints" class="Tests\Unit\EdgeCasesTest" classname="Tests.Unit.EdgeCasesTest" assertions="1" time="0.005049"/>
        <testcase name="it handles html with special characters" file="tests/Unit/EdgeCasesTest.php::it handles html with special characters" class="Tests\Unit\EdgeCasesTest" classname="Tests.Unit.EdgeCasesTest" assertions="2" time="0.003997"/>
        <testcase name="it Profiler getCurrentMemoryUsage returns null with no memory checkpoints" file="tests/Unit/EdgeCasesTest.php::it Profiler getCurrentMemoryUsage returns null with no memory checkpoints" class="Tests\Unit\EdgeCasesTest" classname="Tests.Unit.EdgeCasesTest" assertions="1" time="0.003770"/>
        <testcase name="it Profiler getCurrentMemoryUsage returns null when no checkpoints have measureMemory true" file="tests/Unit/EdgeCasesTest.php::it Profiler getCurrentMemoryUsage returns null when no checkpoints have measureMemory true" class="Tests\Unit\EdgeCasesTest" classname="Tests.Unit.EdgeCasesTest" assertions="1" time="0.004142"/>
        <testcase name="it CollectorManager handles empty collectors" file="tests/Unit/EdgeCasesTest.php::it CollectorManager handles empty collectors" class="Tests\Unit\EdgeCasesTest" classname="Tests.Unit.EdgeCasesTest" assertions="2" time="0.004286"/>
        <testcase name="it ResponseCollector handles null response gracefully" file="tests/Unit/EdgeCasesTest.php::it ResponseCollector handles null response gracefully" class="Tests\Unit\EdgeCasesTest" classname="Tests.Unit.EdgeCasesTest" assertions="2" time="0.004203"/>
        <testcase name="it handles POST request" file="tests/Unit/EdgeCasesTest.php::it handles POST request" class="Tests\Unit\EdgeCasesTest" classname="Tests.Unit.EdgeCasesTest" assertions="1" time="0.007967"/>
        <testcase name="it handles PUT request" file="tests/Unit/EdgeCasesTest.php::it handles PUT request" class="Tests\Unit\EdgeCasesTest" classname="Tests.Unit.EdgeCasesTest" assertions="1" time="0.009534"/>
        <testcase name="it ToolbarInjector handles missing manifest gracefully" file="tests/Unit/EdgeCasesTest.php::it ToolbarInjector handles missing manifest gracefully" class="Tests\Unit\EdgeCasesTest" classname="Tests.Unit.EdgeCasesTest" assertions="3" time="0.006857"/>
        <testcase name="it handles html without body tag" file="tests/Unit/EdgeCasesTest.php::it handles html without body tag" class="Tests\Unit\EdgeCasesTest" classname="Tests.Unit.EdgeCasesTest" assertions="2" time="0.005333"/>
        <testcase name="it handles response with charset in content-type" file="tests/Unit/EdgeCasesTest.php::it handles response with charset in content-type" class="Tests\Unit\EdgeCasesTest" classname="Tests.Unit.EdgeCasesTest" assertions="1" time="0.003354"/>
        <testcase name="it handles 301 redirect with html body" file="tests/Unit/EdgeCasesTest.php::it handles 301 redirect with html body" class="Tests\Unit\EdgeCasesTest" classname="Tests.Unit.EdgeCasesTest" assertions="2" time="0.003388"/>
        <testcase name="it handles DELETE request" file="tests/Unit/EdgeCasesTest.php::it handles DELETE request" class="Tests\Unit\EdgeCasesTest" classname="Tests.Unit.EdgeCasesTest" assertions="1" time="0.003409"/>
        <testcase name="it handles multiple body tags - injects before last" file="tests/Unit/EdgeCasesTest.php::it handles multiple body tags - injects before last" class="Tests\Unit\EdgeCasesTest" classname="Tests.Unit.EdgeCasesTest" assertions="1" time="0.003456"/>
        <testcase name="it handles 404 response" file="tests/Unit/EdgeCasesTest.php::it handles 404 response" class="Tests\Unit\EdgeCasesTest" classname="Tests.Unit.EdgeCasesTest" assertions="2" time="0.003598"/>
        <testcase name="it handles html with unicode content" file="tests/Unit/EdgeCasesTest.php::it handles html with unicode content" class="Tests\Unit\EdgeCasesTest" classname="Tests.Unit.EdgeCasesTest" assertions="3" time="0.003589"/>
      </testsuite>
      <testsuite name="Tests\Unit\Data\ProfileMarkerDataTest" file="tests/Unit/Data/ProfileMarkerDataTest.php" tests="6" assertions="10" errors="0" failures="0" skipped="0" time="0.056144">
        <testcase name="it auto-captures time when not provided" file="tests/Unit/Data/ProfileMarkerDataTest.php::it auto-captures time when not provided" class="Tests\Unit\Data\ProfileMarkerDataTest" classname="Tests.Unit.Data.ProfileMarkerDataTest" assertions="3" time="0.033352"/>
        <testcase name="it extends Spatie Data class" file="tests/Unit/Data/ProfileMarkerDataTest.php::it extends Spatie Data class" class="Tests\Unit\Data\ProfileMarkerDataTest" classname="Tests.Unit.Data.ProfileMarkerDataTest" assertions="1" time="0.006785"/>
        <testcase name="it auto-captures memory when not provided" file="tests/Unit/Data/ProfileMarkerDataTest.php::it auto-captures memory when not provided" class="Tests\Unit\Data\ProfileMarkerDataTest" classname="Tests.Unit.Data.ProfileMarkerDataTest" assertions="3" time="0.003863"/>
        <testcase name="it creates profile marker with label" file="tests/Unit/Data/ProfileMarkerDataTest.php::it creates profile marker with label" class="Tests\Unit\Data\ProfileMarkerDataTest" classname="Tests.Unit.Data.ProfileMarkerDataTest" assertions="1" time="0.003580"/>
        <testcase name="it accepts custom memory" file="tests/Unit/Data/ProfileMarkerDataTest.php::it accepts custom memory" class="Tests\Unit\Data\ProfileMarkerDataTest" classname="Tests.Unit.Data.ProfileMarkerDataTest" assertions="1" time="0.004388"/>
        <testcase name="it accepts custom time" file="tests/Unit/Data/ProfileMarkerDataTest.php::it accepts custom time" class="Tests\Unit\Data\ProfileMarkerDataTest" classname="Tests.Unit.Data.ProfileMarkerDataTest" assertions="1" time="0.004175"/>
      </testsuite>
      <testsuite name="Tests\Unit\Collectors\InertiaCollectorTest" file="tests/Unit/Collectors/InertiaCollectorTest.php" tests="7" assertions="7" errors="0" failures="0" skipped="0" time="0.034819">
        <testcase name="it returns inertia data dto" file="tests/Unit/Collectors/InertiaCollectorTest.php::it returns inertia data dto" class="Tests\Unit\Collectors\InertiaCollectorTest" classname="Tests.Unit.Collectors.InertiaCollectorTest" assertions="1" time="0.012465"/>
        <testcase name="it has enabled config by default" file="tests/Unit/Collectors/InertiaCollectorTest.php::it has enabled config by default" class="Tests\Unit\Collectors\InertiaCollectorTest" classname="Tests.Unit.Collectors.InertiaCollectorTest" assertions="1" time="0.004246"/>
        <testcase name="it returns null or string version depending on inertia installation" file="tests/Unit/Collectors/InertiaCollectorTest.php::it returns null or string version depending on inertia installation" class="Tests\Unit\Collectors\InertiaCollectorTest" classname="Tests.Unit.Collectors.InertiaCollectorTest" assertions="1" time="0.003768"/>
        <testcase name="it has correct config class" file="tests/Unit/Collectors/InertiaCollectorTest.php::it has correct config class" class="Tests\Unit\Collectors\InertiaCollectorTest" classname="Tests.Unit.Collectors.InertiaCollectorTest" assertions="1" time="0.003786"/>
        <testcase name="it looks for inertia core package in node_modules" file="tests/Unit/Collectors/InertiaCollectorTest.php::it looks for inertia core package in node_modules" class="Tests\Unit\Collectors\InertiaCollectorTest" classname="Tests.Unit.Collectors.InertiaCollectorTest" assertions="1" time="0.003823"/>
        <testcase name="it has correct key" file="tests/Unit/Collectors/InertiaCollectorTest.php::it has correct key" class="Tests\Unit\Collectors\InertiaCollectorTest" classname="Tests.Unit.Collectors.InertiaCollectorTest" assertions="1" time="0.003433"/>
        <testcase name="it can be instantiated with custom config" file="tests/Unit/Collectors/InertiaCollectorTest.php::it can be instantiated with custom config" class="Tests\Unit\Collectors\InertiaCollectorTest" classname="Tests.Unit.Collectors.InertiaCollectorTest" assertions="1" time="0.003297"/>
      </testsuite>
      <testsuite name="Tests\Unit\Collectors\LaravelCollectorTest" file="tests/Unit/Collectors/LaravelCollectorTest.php" tests="13" assertions="13" errors="0" failures="0" skipped="0" time="0.057564">
        <testcase name="it collects environment" file="tests/Unit/Collectors/LaravelCollectorTest.php::it collects environment" class="Tests\Unit\Collectors\LaravelCollectorTest" classname="Tests.Unit.Collectors.LaravelCollectorTest" assertions="1" time="0.008294"/>
        <testcase name="it returns laravel data dto" file="tests/Unit/Collectors/LaravelCollectorTest.php::it returns laravel data dto" class="Tests\Unit\Collectors\LaravelCollectorTest" classname="Tests.Unit.Collectors.LaravelCollectorTest" assertions="1" time="0.004210"/>
        <testcase name="it collects laravel version" file="tests/Unit/Collectors/LaravelCollectorTest.php::it collects laravel version" class="Tests\Unit\Collectors\LaravelCollectorTest" classname="Tests.Unit.Collectors.LaravelCollectorTest" assertions="1" time="0.003816"/>
        <testcase name="it respects config field toggles for debug" file="tests/Unit/Collectors/LaravelCollectorTest.php::it respects config field toggles for debug" class="Tests\Unit\Collectors\LaravelCollectorTest" classname="Tests.Unit.Collectors.LaravelCollectorTest" assertions="1" time="0.004149"/>
        <testcase name="it has correct key" file="tests/Unit/Collectors/LaravelCollectorTest.php::it has correct key" class="Tests\Unit\Collectors\LaravelCollectorTest" classname="Tests.Unit.Collectors.LaravelCollectorTest" assertions="1" time="0.003968"/>
        <testcase name="it collects timezone" file="tests/Unit/Collectors/LaravelCollectorTest.php::it collects timezone" class="Tests\Unit\Collectors\LaravelCollectorTest" classname="Tests.Unit.Collectors.LaravelCollectorTest" assertions="1" time="0.004206"/>
        <testcase name="it collects debug mode" file="tests/Unit/Collectors/LaravelCollectorTest.php::it collects debug mode" class="Tests\Unit\Collectors\LaravelCollectorTest" classname="Tests.Unit.Collectors.LaravelCollectorTest" assertions="1" time="0.003901"/>
        <testcase name="it respects config field toggles for locale" file="tests/Unit/Collectors/LaravelCollectorTest.php::it respects config field toggles for locale" class="Tests\Unit\Collectors\LaravelCollectorTest" classname="Tests.Unit.Collectors.LaravelCollectorTest" assertions="1" time="0.004327"/>
        <testcase name="it collects locale" file="tests/Unit/Collectors/LaravelCollectorTest.php::it collects locale" class="Tests\Unit\Collectors\LaravelCollectorTest" classname="Tests.Unit.Collectors.LaravelCollectorTest" assertions="1" time="0.003526"/>
        <testcase name="it respects config field toggles for environment" file="tests/Unit/Collectors/LaravelCollectorTest.php::it respects config field toggles for environment" class="Tests\Unit\Collectors\LaravelCollectorTest" classname="Tests.Unit.Collectors.LaravelCollectorTest" assertions="1" time="0.003420"/>
        <testcase name="it has correct config class" file="tests/Unit/Collectors/LaravelCollectorTest.php::it has correct config class" class="Tests\Unit\Collectors\LaravelCollectorTest" classname="Tests.Unit.Collectors.LaravelCollectorTest" assertions="1" time="0.003848"/>
        <testcase name="it respects config field toggles for version" file="tests/Unit/Collectors/LaravelCollectorTest.php::it respects config field toggles for version" class="Tests\Unit\Collectors\LaravelCollectorTest" classname="Tests.Unit.Collectors.LaravelCollectorTest" assertions="1" time="0.004988"/>
        <testcase name="it respects config field toggles for timezone" file="tests/Unit/Collectors/LaravelCollectorTest.php::it respects config field toggles for timezone" class="Tests\Unit\Collectors\LaravelCollectorTest" classname="Tests.Unit.Collectors.LaravelCollectorTest" assertions="1" time="0.004911"/>
      </testsuite>
      <testsuite name="Tests\Unit\Observers\RequestObserverTest" file="tests/Unit/Observers/RequestObserverTest.php" tests="3" assertions="3" errors="0" failures="0" skipped="0" time="0.025074">
        <testcase name="it listens to RequestHandled event" file="tests/Unit/Observers/RequestObserverTest.php::it listens to RequestHandled event" class="Tests\Unit\Observers\RequestObserverTest" classname="Tests.Unit.Observers.RequestObserverTest" assertions="1" time="0.015792"/>
        <testcase name="it injects toolbar into response" file="tests/Unit/Observers/RequestObserverTest.php::it injects toolbar into response" class="Tests\Unit\Observers\RequestObserverTest" classname="Tests.Unit.Observers.RequestObserverTest" assertions="1" time="0.004907"/>
        <testcase name="it records REQUEST_HANDLED checkpoint" file="tests/Unit/Observers/RequestObserverTest.php::it records REQUEST_HANDLED checkpoint" class="Tests\Unit\Observers\RequestObserverTest" classname="Tests.Unit.Observers.RequestObserverTest" assertions="1" time="0.004374"/>
      </testsuite>
      <testsuite name="Tests\Feature\ToolbarIntegrationTest" file="tests/Feature/ToolbarIntegrationTest.php" tests="9" assertions="27" errors="0" failures="0" skipped="0" time="0.086448">
        <testcase name="it collects laravel environment data" file="tests/Feature/ToolbarIntegrationTest.php::it collects laravel environment data" class="Tests\Feature\ToolbarIntegrationTest" classname="Tests.Feature.ToolbarIntegrationTest" assertions="2" time="0.020574"/>
        <testcase name="it tracks queries during request" file="tests/Feature/ToolbarIntegrationTest.php::it tracks queries during request" class="Tests\Feature\ToolbarIntegrationTest" classname="Tests.Feature.ToolbarIntegrationTest" assertions="3" time="0.012405"/>
        <testcase name="it handles multiple sequential requests" file="tests/Feature/ToolbarIntegrationTest.php::it handles multiple sequential requests" class="Tests\Feature\ToolbarIntegrationTest" classname="Tests.Feature.ToolbarIntegrationTest" assertions="4" time="0.010184"/>
        <testcase name="it includes request metadata in toolbar data" file="tests/Feature/ToolbarIntegrationTest.php::it includes request metadata in toolbar data" class="Tests\Feature\ToolbarIntegrationTest" classname="Tests.Feature.ToolbarIntegrationTest" assertions="3" time="0.008591"/>
        <testcase name="it respects disabled toolbar state" file="tests/Feature/ToolbarIntegrationTest.php::it respects disabled toolbar state" class="Tests\Feature\ToolbarIntegrationTest" classname="Tests.Feature.ToolbarIntegrationTest" assertions="3" time="0.004954"/>
        <testcase name="it adds x-toolbar header for inertia requests" file="tests/Feature/ToolbarIntegrationTest.php::it adds x-toolbar header for inertia requests" class="Tests\Feature\ToolbarIntegrationTest" classname="Tests.Feature.ToolbarIntegrationTest" assertions="4" time="0.008549"/>
        <testcase name="it does not inject toolbar into json response" file="tests/Feature/ToolbarIntegrationTest.php::it does not inject toolbar into json response" class="Tests\Feature\ToolbarIntegrationTest" classname="Tests.Feature.ToolbarIntegrationTest" assertions="3" time="0.004855"/>
        <testcase name="it collects php info data" file="tests/Feature/ToolbarIntegrationTest.php::it collects php info data" class="Tests\Feature\ToolbarIntegrationTest" classname="Tests.Feature.ToolbarIntegrationTest" assertions="2" time="0.008021"/>
        <testcase name="it injects toolbar into html response" file="tests/Feature/ToolbarIntegrationTest.php::it injects toolbar into html response" class="Tests\Feature\ToolbarIntegrationTest" classname="Tests.Feature.ToolbarIntegrationTest" assertions="3" time="0.008314"/>
      </testsuite>
      <testsuite name="Tests\Unit\Observers\ModelObserverTest" file="tests/Unit/Observers/ModelObserverTest.php" tests="12" assertions="16" errors="0" failures="0" skipped="0" time="0.065730">
        <testcase name="it handles array data format for model" file="tests/Unit/Observers/ModelObserverTest.php::it handles array data format for model" class="Tests\Unit\Observers\ModelObserverTest" classname="Tests.Unit.Observers.ModelObserverTest" assertions="1" time="0.026850"/>
        <testcase name="it records hydration entries for models" file="tests/Unit/Observers/ModelObserverTest.php::it records hydration entries for models" class="Tests\Unit\Observers\ModelObserverTest" classname="Tests.Unit.Observers.ModelObserverTest" assertions="2" time="0.003543"/>
        <testcase name="it reset clears all accumulated data between requests" file="tests/Unit/Observers/ModelObserverTest.php::it reset clears all accumulated data between requests" class="Tests\Unit\Observers\ModelObserverTest" classname="Tests.Unit.Observers.ModelObserverTest" assertions="3" time="0.003523"/>
        <testcase name="it resets memory tracking on reset" file="tests/Unit/Observers/ModelObserverTest.php::it resets memory tracking on reset" class="Tests\Unit\Observers\ModelObserverTest" classname="Tests.Unit.Observers.ModelObserverTest" assertions="1" time="0.003105"/>
        <testcase name="it ignores non-retrieved events" file="tests/Unit/Observers/ModelObserverTest.php::it ignores non-retrieved events" class="Tests\Unit\Observers\ModelObserverTest" classname="Tests.Unit.Observers.ModelObserverTest" assertions="1" time="0.003317"/>
        <testcase name="it sets action to retrieved for hydrations" file="tests/Unit/Observers/ModelObserverTest.php::it sets action to retrieved for hydrations" class="Tests\Unit\Observers\ModelObserverTest" classname="Tests.Unit.Observers.ModelObserverTest" assertions="1" time="0.003546"/>
        <testcase name="it resets state correctly" file="tests/Unit/Observers/ModelObserverTest.php::it resets state correctly" class="Tests\Unit\Observers\ModelObserverTest" classname="Tests.Unit.Observers.ModelObserverTest" assertions="1" time="0.003298"/>
        <testcase name="it processes retrieved events" file="tests/Unit/Observers/ModelObserverTest.php::it processes retrieved events" class="Tests\Unit\Observers\ModelObserverTest" classname="Tests.Unit.Observers.ModelObserverTest" assertions="1" time="0.003495"/>
        <testcase name="it provides reset method for Octane compatibility" file="tests/Unit/Observers/ModelObserverTest.php::it provides reset method for Octane compatibility" class="Tests\Unit\Observers\ModelObserverTest" classname="Tests.Unit.Observers.ModelObserverTest" assertions="1" time="0.003744"/>
        <testcase name="it tracks memory usage for model hydrations" file="tests/Unit/Observers/ModelObserverTest.php::it tracks memory usage for model hydrations" class="Tests\Unit\Observers\ModelObserverTest" classname="Tests.Unit.Observers.ModelObserverTest" assertions="2" time="0.003532"/>
        <testcase name="it has empty hydration entries on construction" file="tests/Unit/Observers/ModelObserverTest.php::it has empty hydration entries on construction" class="Tests\Unit\Observers\ModelObserverTest" classname="Tests.Unit.Observers.ModelObserverTest" assertions="1" time="0.003960"/>
        <testcase name="it increments count for duplicate model hydrations" file="tests/Unit/Observers/ModelObserverTest.php::it increments count for duplicate model hydrations" class="Tests\Unit\Observers\ModelObserverTest" classname="Tests.Unit.Observers.ModelObserverTest" assertions="1" time="0.003816"/>
      </testsuite>
      <testsuite name="Tests\Unit\ToolbarTest" file="tests/Unit/ToolbarTest.php" tests="8" assertions="12" errors="0" failures="0" skipped="0" time="0.046210">
        <testcase name="it can be disabled via static method" file="tests/Unit/ToolbarTest.php::it can be disabled via static method" class="Tests\Unit\ToolbarTest" classname="Tests.Unit.ToolbarTest" assertions="2" time="0.015416"/>
        <testcase name="it has empty collectors array by default" file="tests/Unit/ToolbarTest.php::it has empty collectors array by default" class="Tests\Unit\ToolbarTest" classname="Tests.Unit.ToolbarTest" assertions="2" time="0.004696"/>
        <testcase name="it reports disabled when static property is false" file="tests/Unit/ToolbarTest.php::it reports disabled when static property is false" class="Tests\Unit\ToolbarTest" classname="Tests.Unit.ToolbarTest" assertions="1" time="0.005158"/>
        <testcase name="it detects telescope installation" file="tests/Unit/ToolbarTest.php::it detects telescope installation" class="Tests\Unit\ToolbarTest" classname="Tests.Unit.ToolbarTest" assertions="1" time="0.004314"/>
        <testcase name="it can be enabled via static method" file="tests/Unit/ToolbarTest.php::it can be enabled via static method" class="Tests\Unit\ToolbarTest" classname="Tests.Unit.ToolbarTest" assertions="2" time="0.004111"/>
        <testcase name="it is disabled when running in console by default" file="tests/Unit/ToolbarTest.php::it is disabled when running in console by default" class="Tests\Unit\ToolbarTest" classname="Tests.Unit.ToolbarTest" assertions="2" time="0.004553"/>
        <testcase name="it initializes with toolbar config" file="tests/Unit/ToolbarTest.php::it initializes with toolbar config" class="Tests\Unit\ToolbarTest" classname="Tests.Unit.ToolbarTest" assertions="1" time="0.003786"/>
        <testcase name="it can be enabled in console mode" file="tests/Unit/ToolbarTest.php::it can be enabled in console mode" class="Tests\Unit\ToolbarTest" classname="Tests.Unit.ToolbarTest" assertions="1" time="0.004177"/>
      </testsuite>
      <testsuite name="Tests\ExampleTest" file="tests/ExampleTest.php" tests="1" assertions="1" errors="0" failures="0" skipped="0" time="0.017900">
        <testcase name="it can test" file="tests/ExampleTest.php::it can test" class="Tests\ExampleTest" classname="Tests.ExampleTest" assertions="1" time="0.017900"/>
      </testsuite>
      <testsuite name="Tests\Unit\StateAccumulationTest" file="tests/Unit/StateAccumulationTest.php" tests="11" assertions="33" errors="0" failures="0" skipped="0" time="0.063685">
        <testcase name="`QueryObserver state accumulation` → it accumulates totalTime when not reset (demonstrating the bug)" file="tests/Unit/StateAccumulationTest.php::`QueryObserver state accumulation` → it accumulates totalTime when not reset (demonstrating the bug)" class="Tests\Unit\StateAccumulationTest" classname="Tests.Unit.StateAccumulationTest" assertions="1" time="0.014302"/>
        <testcase name="`Profiler state accumulation` → it initialize method resets all prior state" file="tests/Unit/StateAccumulationTest.php::`Profiler state accumulation` → it initialize method resets all prior state" class="Tests\Unit\StateAccumulationTest" classname="Tests.Unit.StateAccumulationTest" assertions="6" time="0.004849"/>
        <testcase name="`Profiler state accumulation` → it clears checkpoints after getRequestStages" file="tests/Unit/StateAccumulationTest.php::`Profiler state accumulation` → it clears checkpoints after getRequestStages" class="Tests\Unit\StateAccumulationTest" classname="Tests.Unit.StateAccumulationTest" assertions="2" time="0.004596"/>
        <testcase name="`QueryObserver state accumulation` → it accumulates queries when not reset (demonstrating the bug)" file="tests/Unit/StateAccumulationTest.php::`QueryObserver state accumulation` → it accumulates queries when not reset (demonstrating the bug)" class="Tests\Unit\StateAccumulationTest" classname="Tests.Unit.StateAccumulationTest" assertions="2" time="0.004482"/>
        <testcase name="`Profiler state accumulation` → it clears viewRenders after getRequestStages" file="tests/Unit/StateAccumulationTest.php::`Profiler state accumulation` → it clears viewRenders after getRequestStages" class="Tests\Unit\StateAccumulationTest" classname="Tests.Unit.StateAccumulationTest" assertions="2" time="0.003978"/>
        <testcase name="`Profiler state accumulation` → it clears profile markers after getRequestStages" file="tests/Unit/StateAccumulationTest.php::`Profiler state accumulation` → it clears profile markers after getRequestStages" class="Tests\Unit\StateAccumulationTest" classname="Tests.Unit.StateAccumulationTest" assertions="2" time="0.004007"/>
        <testcase name="`ModelObserver state accumulation` → it accumulates hydration entries when not reset (demonstrating the bug)" file="tests/Unit/StateAccumulationTest.php::`ModelObserver state accumulation` → it accumulates hydration entries when not reset (demonstrating the bug)" class="Tests\Unit\StateAccumulationTest" classname="Tests.Unit.StateAccumulationTest" assertions="1" time="0.003952"/>
        <testcase name="`QueryObserver state accumulation` → it accumulates hashes for duplicate detection (demonstrating the bug)" file="tests/Unit/StateAccumulationTest.php::`QueryObserver state accumulation` → it accumulates hashes for duplicate detection (demonstrating the bug)" class="Tests\Unit\StateAccumulationTest" classname="Tests.Unit.StateAccumulationTest" assertions="2" time="0.004638"/>
        <testcase name="`ModelObserver state accumulation` → it should have a reset method that clears all state" file="tests/Unit/StateAccumulationTest.php::`ModelObserver state accumulation` → it should have a reset method that clears all state" class="Tests\Unit\StateAccumulationTest" classname="Tests.Unit.StateAccumulationTest" assertions="2" time="0.006638"/>
        <testcase name="`QueryObserver state accumulation` → it should have a reset method that clears all state" file="tests/Unit/StateAccumulationTest.php::`QueryObserver state accumulation` → it should have a reset method that clears all state" class="Tests\Unit\StateAccumulationTest" classname="Tests.Unit.StateAccumulationTest" assertions="10" time="0.006745"/>
        <testcase name="`QueryObserver state accumulation` → it does not carry state to next request after reset" file="tests/Unit/StateAccumulationTest.php::`QueryObserver state accumulation` → it does not carry state to next request after reset" class="Tests\Unit\StateAccumulationTest" classname="Tests.Unit.StateAccumulationTest" assertions="3" time="0.005498"/>
      </testsuite>
      <testsuite name="Tests\Unit\Data\SubstageDataTest" file="tests/Unit/Data/SubstageDataTest.php" tests="5" assertions="11" errors="0" failures="0" skipped="0" time="0.034973">
        <testcase name="it creates substage from two profile markers" file="tests/Unit/Data/SubstageDataTest.php::it creates substage from two profile markers" class="Tests\Unit\Data\SubstageDataTest" classname="Tests.Unit.Data.SubstageDataTest" assertions="3" time="0.016643"/>
        <testcase name="it calculates memory delta between markers" file="tests/Unit/Data/SubstageDataTest.php::it calculates memory delta between markers" class="Tests\Unit\Data\SubstageDataTest" classname="Tests.Unit.Data.SubstageDataTest" assertions="2" time="0.004896"/>
        <testcase name="it calculates wall time between markers" file="tests/Unit/Data/SubstageDataTest.php::it calculates wall time between markers" class="Tests\Unit\Data\SubstageDataTest" classname="Tests.Unit.Data.SubstageDataTest" assertions="3" time="0.005398"/>
        <testcase name="it calculates percentages relative to parent stage" file="tests/Unit/Data/SubstageDataTest.php::it calculates percentages relative to parent stage" class="Tests\Unit\Data\SubstageDataTest" classname="Tests.Unit.Data.SubstageDataTest" assertions="2" time="0.004376"/>
        <testcase name="it handles negative memory delta" file="tests/Unit/Data/SubstageDataTest.php::it handles negative memory delta" class="Tests\Unit\Data\SubstageDataTest" classname="Tests.Unit.Data.SubstageDataTest" assertions="1" time="0.003660"/>
      </testsuite>
      <testsuite name="Tests\Unit\CollectorManagerTest" file="tests/Unit/CollectorManagerTest.php" tests="11" assertions="31" errors="0" failures="0" skipped="0" time="0.062493">
        <testcase name="it caches data for requests" file="tests/Unit/CollectorManagerTest.php::it caches data for requests" class="Tests\Unit\CollectorManagerTest" classname="Tests.Unit.CollectorManagerTest" assertions="3" time="0.013153"/>
        <testcase name="it returns metadata when no collectors enabled" file="tests/Unit/CollectorManagerTest.php::it returns metadata when no collectors enabled" class="Tests\Unit\CollectorManagerTest" classname="Tests.Unit.CollectorManagerTest" assertions="6" time="0.005049"/>
        <testcase name="it includes debug metadata when debug mode enabled" file="tests/Unit/CollectorManagerTest.php::it includes debug metadata when debug mode enabled" class="Tests\Unit\CollectorManagerTest" classname="Tests.Unit.CollectorManagerTest" assertions="4" time="0.005853"/>
        <testcase name="it collects data from all enabled collectors" file="tests/Unit/CollectorManagerTest.php::it collects data from all enabled collectors" class="Tests\Unit\CollectorManagerTest" classname="Tests.Unit.CollectorManagerTest" assertions="4" time="0.004798"/>
        <testcase name="it tracks wall time per collector" file="tests/Unit/CollectorManagerTest.php::it tracks wall time per collector" class="Tests\Unit\CollectorManagerTest" classname="Tests.Unit.CollectorManagerTest" assertions="5" time="0.004326"/>
        <testcase name="it generates unique request id" file="tests/Unit/CollectorManagerTest.php::it generates unique request id" class="Tests\Unit\CollectorManagerTest" classname="Tests.Unit.CollectorManagerTest" assertions="2" time="0.004066"/>
        <testcase name="it skips disabled collectors" file="tests/Unit/CollectorManagerTest.php::it skips disabled collectors" class="Tests\Unit\CollectorManagerTest" classname="Tests.Unit.CollectorManagerTest" assertions="2" time="0.005429"/>
        <testcase name="it does not include debug metadata when debug mode disabled" file="tests/Unit/CollectorManagerTest.php::it does not include debug metadata when debug mode disabled" class="Tests\Unit\CollectorManagerTest" classname="Tests.Unit.CollectorManagerTest" assertions="1" time="0.004896"/>
        <testcase name="it accepts response in constructor" file="tests/Unit/CollectorManagerTest.php::it accepts response in constructor" class="Tests\Unit\CollectorManagerTest" classname="Tests.Unit.CollectorManagerTest" assertions="1" time="0.004624"/>
        <testcase name="it includes layout configuration in data" file="tests/Unit/CollectorManagerTest.php::it includes layout configuration in data" class="Tests\Unit\CollectorManagerTest" classname="Tests.Unit.CollectorManagerTest" assertions="1" time="0.004717"/>
        <testcase name="it caches data with mcp request id when provided" file="tests/Unit/CollectorManagerTest.php::it caches data with mcp request id when provided" class="Tests\Unit\CollectorManagerTest" classname="Tests.Unit.CollectorManagerTest" assertions="2" time="0.005583"/>
      </testsuite>
      <testsuite name="Tests\Unit\Collectors\PhpCollectorTest" file="tests/Unit/Collectors/PhpCollectorTest.php" tests="6" assertions="6" errors="0" failures="0" skipped="0" time="0.041849">
        <testcase name="it collects max execution time" file="tests/Unit/Collectors/PhpCollectorTest.php::it collects max execution time" class="Tests\Unit\Collectors\PhpCollectorTest" classname="Tests.Unit.Collectors.PhpCollectorTest" assertions="1" time="0.017604"/>
        <testcase name="it returns php data dto" file="tests/Unit/Collectors/PhpCollectorTest.php::it returns php data dto" class="Tests\Unit\Collectors\PhpCollectorTest" classname="Tests.Unit.Collectors.PhpCollectorTest" assertions="1" time="0.004017"/>
        <testcase name="it collects memory limit" file="tests/Unit/Collectors/PhpCollectorTest.php::it collects memory limit" class="Tests\Unit\Collectors\PhpCollectorTest" classname="Tests.Unit.Collectors.PhpCollectorTest" assertions="1" time="0.004226"/>
        <testcase name="it has correct config class" file="tests/Unit/Collectors/PhpCollectorTest.php::it has correct config class" class="Tests\Unit\Collectors\PhpCollectorTest" classname="Tests.Unit.Collectors.PhpCollectorTest" assertions="1" time="0.005187"/>
        <testcase name="it collects php version" file="tests/Unit/Collectors/PhpCollectorTest.php::it collects php version" class="Tests\Unit\Collectors\PhpCollectorTest" classname="Tests.Unit.Collectors.PhpCollectorTest" assertions="1" time="0.005323"/>
        <testcase name="it has correct key" file="tests/Unit/Collectors/PhpCollectorTest.php::it has correct key" class="Tests\Unit\Collectors\PhpCollectorTest" classname="Tests.Unit.Collectors.PhpCollectorTest" assertions="1" time="0.005492"/>
      </testsuite>
      <testsuite name="Tests\Unit\ToolbarInjectorTest" file="tests/Unit/ToolbarInjectorTest.php" tests="11" assertions="15" errors="0" failures="0" skipped="0" time="0.060454">
        <testcase name="it respects disabled toolbar state" file="tests/Unit/ToolbarInjectorTest.php::it respects disabled toolbar state" class="Tests\Unit\ToolbarInjectorTest" classname="Tests.Unit.ToolbarInjectorTest" assertions="1" time="0.015664"/>
        <testcase name="it detects inertia requests correctly" file="tests/Unit/ToolbarInjectorTest.php::it detects inertia requests correctly" class="Tests\Unit\ToolbarInjectorTest" classname="Tests.Unit.ToolbarInjectorTest" assertions="1" time="0.004216"/>
        <testcase name="it does not inject when response has no body tag" file="tests/Unit/ToolbarInjectorTest.php::it does not inject when response has no body tag" class="Tests\Unit\ToolbarInjectorTest" classname="Tests.Unit.ToolbarInjectorTest" assertions="1" time="0.004992"/>
        <testcase name="it does not inject into binary file responses" file="tests/Unit/ToolbarInjectorTest.php::it does not inject into binary file responses" class="Tests\Unit\ToolbarInjectorTest" classname="Tests.Unit.ToolbarInjectorTest" assertions="1" time="0.005378"/>
        <testcase name="it does not inject into streamed responses" file="tests/Unit/ToolbarInjectorTest.php::it does not inject into streamed responses" class="Tests\Unit\ToolbarInjectorTest" classname="Tests.Unit.ToolbarInjectorTest" assertions="1" time="0.004827"/>
        <testcase name="it includes csp nonce when available" file="tests/Unit/ToolbarInjectorTest.php::it includes csp nonce when available" class="Tests\Unit\ToolbarInjectorTest" classname="Tests.Unit.ToolbarInjectorTest" assertions="1" time="0.004800"/>
        <testcase name="it adds x-toolbar header for inertia requests" file="tests/Unit/ToolbarInjectorTest.php::it adds x-toolbar header for inertia requests" class="Tests\Unit\ToolbarInjectorTest" classname="Tests.Unit.ToolbarInjectorTest" assertions="1" time="0.003987"/>
        <testcase name="it injects toolbar html before closing body tag" file="tests/Unit/ToolbarInjectorTest.php::it injects toolbar html before closing body tag" class="Tests\Unit\ToolbarInjectorTest" classname="Tests.Unit.ToolbarInjectorTest" assertions="4" time="0.003955"/>
        <testcase name="it does not inject into non-html responses" file="tests/Unit/ToolbarInjectorTest.php::it does not inject into non-html responses" class="Tests\Unit\ToolbarInjectorTest" classname="Tests.Unit.ToolbarInjectorTest" assertions="1" time="0.003980"/>
        <testcase name="it does not inject into ajax requests" file="tests/Unit/ToolbarInjectorTest.php::it does not inject into ajax requests" class="Tests\Unit\ToolbarInjectorTest" classname="Tests.Unit.ToolbarInjectorTest" assertions="1" time="0.004629"/>
        <testcase name="it base64 encodes toolbar data in header" file="tests/Unit/ToolbarInjectorTest.php::it base64 encodes toolbar data in header" class="Tests\Unit\ToolbarInjectorTest" classname="Tests.Unit.ToolbarInjectorTest" assertions="2" time="0.004026"/>
      </testsuite>
      <testsuite name="Tests\Unit\Collectors\ModelsCollectorTest" file="tests/Unit/Collectors/ModelsCollectorTest.php" tests="10" assertions="14" errors="0" failures="0" skipped="0" time="0.061696">
        <testcase name="it can be instantiated with custom config" file="tests/Unit/Collectors/ModelsCollectorTest.php::it can be instantiated with custom config" class="Tests\Unit\Collectors\ModelsCollectorTest" classname="Tests.Unit.Collectors.ModelsCollectorTest" assertions="1" time="0.014531"/>
        <testcase name="it returns empty array when no models hydrated" file="tests/Unit/Collectors/ModelsCollectorTest.php::it returns empty array when no models hydrated" class="Tests\Unit\Collectors\ModelsCollectorTest" classname="Tests.Unit.Collectors.ModelsCollectorTest" assertions="2" time="0.005295"/>
        <testcase name="it retrieves entries from model observer" file="tests/Unit/Collectors/ModelsCollectorTest.php::it retrieves entries from model observer" class="Tests\Unit\Collectors\ModelsCollectorTest" classname="Tests.Unit.Collectors.ModelsCollectorTest" assertions="2" time="0.005097"/>
        <testcase name="it has correct config class" file="tests/Unit/Collectors/ModelsCollectorTest.php::it has correct config class" class="Tests\Unit\Collectors\ModelsCollectorTest" classname="Tests.Unit.Collectors.ModelsCollectorTest" assertions="1" time="0.004984"/>
        <testcase name="it has correct key" file="tests/Unit/Collectors/ModelsCollectorTest.php::it has correct key" class="Tests\Unit\Collectors\ModelsCollectorTest" classname="Tests.Unit.Collectors.ModelsCollectorTest" assertions="1" time="0.005021"/>
        <testcase name="it has enabled config by default" file="tests/Unit/Collectors/ModelsCollectorTest.php::it has enabled config by default" class="Tests\Unit\Collectors\ModelsCollectorTest" classname="Tests.Unit.Collectors.ModelsCollectorTest" assertions="1" time="0.005190"/>
        <testcase name="it preserves model counts from observer" file="tests/Unit/Collectors/ModelsCollectorTest.php::it preserves model counts from observer" class="Tests\Unit\Collectors\ModelsCollectorTest" classname="Tests.Unit.Collectors.ModelsCollectorTest" assertions="1" time="0.004084"/>
        <testcase name="it returns array of model data" file="tests/Unit/Collectors/ModelsCollectorTest.php::it returns array of model data" class="Tests\Unit\Collectors\ModelsCollectorTest" classname="Tests.Unit.Collectors.ModelsCollectorTest" assertions="1" time="0.005011"/>
        <testcase name="it collects multiple model types" file="tests/Unit/Collectors/ModelsCollectorTest.php::it collects multiple model types" class="Tests\Unit\Collectors\ModelsCollectorTest" classname="Tests.Unit.Collectors.ModelsCollectorTest" assertions="3" time="0.003955"/>
        <testcase name="it preserves memory usage from observer" file="tests/Unit/Collectors/ModelsCollectorTest.php::it preserves memory usage from observer" class="Tests\Unit\Collectors\ModelsCollectorTest" classname="Tests.Unit.Collectors.ModelsCollectorTest" assertions="1" time="0.008527"/>
      </testsuite>
      <testsuite name="Tests\ArchTest" file="tests/ArchTest.php" tests="1" assertions="3" errors="0" failures="0" skipped="0" time="0.152291">
        <testcase name="it will not use debugging functions" file="tests/ArchTest.php::it will not use debugging functions" class="Tests\ArchTest" classname="Tests.ArchTest" assertions="3" time="0.152291"/>
      </testsuite>
      <testsuite name="Tests\Unit\Collectors\ResponseCollectorTest" file="tests/Unit/Collectors/ResponseCollectorTest.php" tests="8" assertions="11" errors="0" failures="0" skipped="0" time="0.030426">
        <testcase name="it collects response status code" file="tests/Unit/Collectors/ResponseCollectorTest.php::it collects response status code" class="Tests\Unit\Collectors\ResponseCollectorTest" classname="Tests.Unit.Collectors.ResponseCollectorTest" assertions="1" time="0.006953"/>
        <testcase name="it has correct config class" file="tests/Unit/Collectors/ResponseCollectorTest.php::it has correct config class" class="Tests\Unit\Collectors\ResponseCollectorTest" classname="Tests.Unit.Collectors.ResponseCollectorTest" assertions="1" time="0.003273"/>
        <testcase name="it collects different status codes" file="tests/Unit/Collectors/ResponseCollectorTest.php::it collects different status codes" class="Tests\Unit\Collectors\ResponseCollectorTest" classname="Tests.Unit.Collectors.ResponseCollectorTest" assertions="1" time="0.003249"/>
        <testcase name="it has correct key" file="tests/Unit/Collectors/ResponseCollectorTest.php::it has correct key" class="Tests\Unit\Collectors\ResponseCollectorTest" classname="Tests.Unit.Collectors.ResponseCollectorTest" assertions="1" time="0.003171"/>
        <testcase name="it returns response data dto" file="tests/Unit/Collectors/ResponseCollectorTest.php::it returns response data dto" class="Tests\Unit\Collectors\ResponseCollectorTest" classname="Tests.Unit.Collectors.ResponseCollectorTest" assertions="1" time="0.003408"/>
        <testcase name="it collects response headers" file="tests/Unit/Collectors/ResponseCollectorTest.php::it collects response headers" class="Tests\Unit\Collectors\ResponseCollectorTest" classname="Tests.Unit.Collectors.ResponseCollectorTest" assertions="3" time="0.003689"/>
        <testcase name="it collects content size" file="tests/Unit/Collectors/ResponseCollectorTest.php::it collects content size" class="Tests\Unit\Collectors\ResponseCollectorTest" classname="Tests.Unit.Collectors.ResponseCollectorTest" assertions="2" time="0.003435"/>
        <testcase name="it formats size correctly" file="tests/Unit/Collectors/ResponseCollectorTest.php::it formats size correctly" class="Tests\Unit\Collectors\ResponseCollectorTest" classname="Tests.Unit.Collectors.ResponseCollectorTest" assertions="1" time="0.003248"/>
      </testsuite>
      <testsuite name="Tests\Feature\MiddlewareTest" file="tests/Feature/MiddlewareTest.php" tests="12" assertions="20" errors="0" failures="0" skipped="0" time="0.050664">
        <testcase name="it MiddlewareEnd records BEFORE_CONTROLLER checkpoint" file="tests/Feature/MiddlewareTest.php::it MiddlewareEnd records BEFORE_CONTROLLER checkpoint" class="Tests\Feature\MiddlewareTest" classname="Tests.Feature.MiddlewareTest" assertions="1" time="0.011516"/>
        <testcase name="it MiddlewareEnd records AFTER_VIEW_RENDERING checkpoint" file="tests/Feature/MiddlewareTest.php::it MiddlewareEnd records AFTER_VIEW_RENDERING checkpoint" class="Tests\Feature\MiddlewareTest" classname="Tests.Feature.MiddlewareTest" assertions="1" time="0.004036"/>
        <testcase name="it MiddlewareStart records AFTER_MIDDLEWARE checkpoint" file="tests/Feature/MiddlewareTest.php::it MiddlewareStart records AFTER_MIDDLEWARE checkpoint" class="Tests\Feature\MiddlewareTest" classname="Tests.Feature.MiddlewareTest" assertions="1" time="0.003940"/>
        <testcase name="it checkpoint order is correct in middleware flow" file="tests/Feature/MiddlewareTest.php::it checkpoint order is correct in middleware flow" class="Tests\Feature\MiddlewareTest" classname="Tests.Feature.MiddlewareTest" assertions="6" time="0.003690"/>
        <testcase name="it MiddlewareEnd does not overwrite existing AFTER_VIEW_RENDERING checkpoint" file="tests/Feature/MiddlewareTest.php::it MiddlewareEnd does not overwrite existing AFTER_VIEW_RENDERING checkpoint" class="Tests\Feature\MiddlewareTest" classname="Tests.Feature.MiddlewareTest" assertions="1" time="0.003331"/>
        <testcase name="it both middleware create proper checkpoint sequence" file="tests/Feature/MiddlewareTest.php::it both middleware create proper checkpoint sequence" class="Tests\Feature\MiddlewareTest" classname="Tests.Feature.MiddlewareTest" assertions="4" time="0.003309"/>
        <testcase name="it MiddlewareStart does not overwrite existing AFTER_MIDDLEWARE checkpoint" file="tests/Feature/MiddlewareTest.php::it MiddlewareStart does not overwrite existing AFTER_MIDDLEWARE checkpoint" class="Tests\Feature\MiddlewareTest" classname="Tests.Feature.MiddlewareTest" assertions="1" time="0.003138"/>
        <testcase name="it MiddlewareEnd does not overwrite existing BEFORE_CONTROLLER checkpoint" file="tests/Feature/MiddlewareTest.php::it MiddlewareEnd does not overwrite existing BEFORE_CONTROLLER checkpoint" class="Tests\Feature\MiddlewareTest" classname="Tests.Feature.MiddlewareTest" assertions="1" time="0.003213"/>
        <testcase name="it MiddlewareStart returns response from next middleware" file="tests/Feature/MiddlewareTest.php::it MiddlewareStart returns response from next middleware" class="Tests\Feature\MiddlewareTest" classname="Tests.Feature.MiddlewareTest" assertions="1" time="0.003582"/>
        <testcase name="it MiddlewareStart does not overwrite existing BEFORE_MIDDLEWARE checkpoint" file="tests/Feature/MiddlewareTest.php::it MiddlewareStart does not overwrite existing BEFORE_MIDDLEWARE checkpoint" class="Tests\Feature\MiddlewareTest" classname="Tests.Feature.MiddlewareTest" assertions="1" time="0.003688"/>
        <testcase name="it MiddlewareEnd returns response from next middleware" file="tests/Feature/MiddlewareTest.php::it MiddlewareEnd returns response from next middleware" class="Tests\Feature\MiddlewareTest" classname="Tests.Feature.MiddlewareTest" assertions="1" time="0.003624"/>
        <testcase name="it MiddlewareStart records BEFORE_MIDDLEWARE checkpoint" file="tests/Feature/MiddlewareTest.php::it MiddlewareStart records BEFORE_MIDDLEWARE checkpoint" class="Tests\Feature\MiddlewareTest" classname="Tests.Feature.MiddlewareTest" assertions="1" time="0.003599"/>
      </testsuite>
      <testsuite name="Tests\Unit\Collectors\ProfilerCollectorTest" file="tests/Unit/Collectors/ProfilerCollectorTest.php" tests="5" assertions="5" errors="0" failures="0" skipped="0" time="0.023839">
        <testcase name="it implements collector interface" file="tests/Unit/Collectors/ProfilerCollectorTest.php::it implements collector interface" class="Tests\Unit\Collectors\ProfilerCollectorTest" classname="Tests.Unit.Collectors.ProfilerCollectorTest" assertions="1" time="0.008440"/>
        <testcase name="it has default config" file="tests/Unit/Collectors/ProfilerCollectorTest.php::it has default config" class="Tests\Unit\Collectors\ProfilerCollectorTest" classname="Tests.Unit.Collectors.ProfilerCollectorTest" assertions="1" time="0.003860"/>
        <testcase name="it has correct key" file="tests/Unit/Collectors/ProfilerCollectorTest.php::it has correct key" class="Tests\Unit\Collectors\ProfilerCollectorTest" classname="Tests.Unit.Collectors.ProfilerCollectorTest" assertions="1" time="0.003779"/>
        <testcase name="it has correct config class" file="tests/Unit/Collectors/ProfilerCollectorTest.php::it has correct config class" class="Tests\Unit\Collectors\ProfilerCollectorTest" classname="Tests.Unit.Collectors.ProfilerCollectorTest" assertions="1" time="0.004050"/>
        <testcase name="it extends base collector" file="tests/Unit/Collectors/ProfilerCollectorTest.php::it extends base collector" class="Tests\Unit\Collectors\ProfilerCollectorTest" classname="Tests.Unit.Collectors.ProfilerCollectorTest" assertions="1" time="0.003710"/>
      </testsuite>
      <testsuite name="Tests\Unit\Collectors\QueriesCollectorTest" file="tests/Unit/Collectors/QueriesCollectorTest.php" tests="12" assertions="27" errors="0" failures="0" skipped="0" time="0.071975">
        <testcase name="it returns queries data dto" file="tests/Unit/Collectors/QueriesCollectorTest.php::it returns queries data dto" class="Tests\Unit\Collectors\QueriesCollectorTest" classname="Tests.Unit.Collectors.QueriesCollectorTest" assertions="1" time="0.010374"/>
        <testcase name="it calculates total time from queries" file="tests/Unit/Collectors/QueriesCollectorTest.php::it calculates total time from queries" class="Tests\Unit\Collectors\QueriesCollectorTest" classname="Tests.Unit.Collectors.QueriesCollectorTest" assertions="1" time="0.004937"/>
        <testcase name="it has correct key" file="tests/Unit/Collectors/QueriesCollectorTest.php::it has correct key" class="Tests\Unit\Collectors\QueriesCollectorTest" classname="Tests.Unit.Collectors.QueriesCollectorTest" assertions="1" time="0.003996"/>
        <testcase name="it filters session queries by default" file="tests/Unit/Collectors/QueriesCollectorTest.php::it filters session queries by default" class="Tests\Unit\Collectors\QueriesCollectorTest" classname="Tests.Unit.Collectors.QueriesCollectorTest" assertions="2" time="0.009931"/>
        <testcase name="it calculates offset for timeline visualization" file="tests/Unit/Collectors/QueriesCollectorTest.php::it calculates offset for timeline visualization" class="Tests\Unit\Collectors\QueriesCollectorTest" classname="Tests.Unit.Collectors.QueriesCollectorTest" assertions="2" time="0.004209"/>
        <testcase name="it shows session queries when config enabled" file="tests/Unit/Collectors/QueriesCollectorTest.php::it shows session queries when config enabled" class="Tests\Unit\Collectors\QueriesCollectorTest" classname="Tests.Unit.Collectors.QueriesCollectorTest" assertions="1" time="0.005213"/>
        <testcase name="it calculates percentage per query" file="tests/Unit/Collectors/QueriesCollectorTest.php::it calculates percentage per query" class="Tests\Unit\Collectors\QueriesCollectorTest" classname="Tests.Unit.Collectors.QueriesCollectorTest" assertions="14" time="0.005548"/>
        <testcase name="it tracks connections" file="tests/Unit/Collectors/QueriesCollectorTest.php::it tracks connections" class="Tests\Unit\Collectors\QueriesCollectorTest" classname="Tests.Unit.Collectors.QueriesCollectorTest" assertions="1" time="0.005403"/>
        <testcase name="it has correct config class" file="tests/Unit/Collectors/QueriesCollectorTest.php::it has correct config class" class="Tests\Unit\Collectors\QueriesCollectorTest" classname="Tests.Unit.Collectors.QueriesCollectorTest" assertions="1" time="0.005443"/>
        <testcase name="it tracks drivers" file="tests/Unit/Collectors/QueriesCollectorTest.php::it tracks drivers" class="Tests\Unit\Collectors\QueriesCollectorTest" classname="Tests.Unit.Collectors.QueriesCollectorTest" assertions="1" time="0.005642"/>
        <testcase name="it tracks databases" file="tests/Unit/Collectors/QueriesCollectorTest.php::it tracks databases" class="Tests\Unit\Collectors\QueriesCollectorTest" classname="Tests.Unit.Collectors.QueriesCollectorTest" assertions="1" time="0.005624"/>
        <testcase name="it retrieves queries from observer" file="tests/Unit/Collectors/QueriesCollectorTest.php::it retrieves queries from observer" class="Tests\Unit\Collectors\QueriesCollectorTest" classname="Tests.Unit.Collectors.QueriesCollectorTest" assertions="1" time="0.005656"/>
      </testsuite>
      <testsuite name="Tests\Unit\Data\ToolbarConfigTest" file="tests/Unit/Data/ToolbarConfigTest.php" tests="28" assertions="33" errors="0" failures="0" skipped="0" time="0.155242">
        <testcase name="it updates collector config" file="tests/Unit/Data/ToolbarConfigTest.php::it updates collector config" class="Tests\Unit\Data\ToolbarConfigTest" classname="Tests.Unit.Data.ToolbarConfigTest" assertions="1" time="0.040847"/>
        <testcase name="it throws exception when updating non-existent collector config" file="tests/Unit/Data/ToolbarConfigTest.php::it throws exception when updating non-existent collector config" class="Tests\Unit\Data\ToolbarConfigTest" classname="Tests.Unit.Data.ToolbarConfigTest" assertions="1" time="0.005064"/>
        <testcase name="it disables toolbar via config" file="tests/Unit/Data/ToolbarConfigTest.php::it disables toolbar via config" class="Tests\Unit\Data\ToolbarConfigTest" classname="Tests.Unit.Data.ToolbarConfigTest" assertions="2" time="0.005992"/>
        <testcase name="it has debug mode disabled by default" file="tests/Unit/Data/ToolbarConfigTest.php::it has debug mode disabled by default" class="Tests\Unit\Data\ToolbarConfigTest" classname="Tests.Unit.Data.ToolbarConfigTest" assertions="1" time="0.003971"/>
        <testcase name="it has layout configuration" file="tests/Unit/Data/ToolbarConfigTest.php::it has layout configuration" class="Tests\Unit\Data\ToolbarConfigTest" classname="Tests.Unit.Data.ToolbarConfigTest" assertions="1" time="0.004047"/>
        <testcase name="it disables debug mode" file="tests/Unit/Data/ToolbarConfigTest.php::it disables debug mode" class="Tests\Unit\Data\ToolbarConfigTest" classname="Tests.Unit.Data.ToolbarConfigTest" assertions="1" time="0.003922"/>
        <testcase name="it sets observers" file="tests/Unit/Data/ToolbarConfigTest.php::it sets observers" class="Tests\Unit\Data\ToolbarConfigTest" classname="Tests.Unit.Data.ToolbarConfigTest" assertions="1" time="0.004322"/>
        <testcase name="it validates collector implements interface" file="tests/Unit/Data/ToolbarConfigTest.php::it validates collector implements interface" class="Tests\Unit\Data\ToolbarConfigTest" classname="Tests.Unit.Data.ToolbarConfigTest" assertions="1" time="0.003631"/>
        <testcase name="it returns self when setting debug for chaining" file="tests/Unit/Data/ToolbarConfigTest.php::it returns self when setting debug for chaining" class="Tests\Unit\Data\ToolbarConfigTest" classname="Tests.Unit.Data.ToolbarConfigTest" assertions="1" time="0.003895"/>
        <testcase name="it toggles debug mode when called without argument" file="tests/Unit/Data/ToolbarConfigTest.php::it toggles debug mode when called without argument" class="Tests\Unit\Data\ToolbarConfigTest" classname="Tests.Unit.Data.ToolbarConfigTest" assertions="3" time="0.004117"/>
        <testcase name="it throws when collector does not implement interface" file="tests/Unit/Data/ToolbarConfigTest.php::it throws when collector does not implement interface" class="Tests\Unit\Data\ToolbarConfigTest" classname="Tests.Unit.Data.ToolbarConfigTest" assertions="1" time="0.003568"/>
        <testcase name="it enables debug mode" file="tests/Unit/Data/ToolbarConfigTest.php::it enables debug mode" class="Tests\Unit\Data\ToolbarConfigTest" classname="Tests.Unit.Data.ToolbarConfigTest" assertions="1" time="0.003309"/>
        <testcase name="it retrieves observer by class" file="tests/Unit/Data/ToolbarConfigTest.php::it retrieves observer by class" class="Tests\Unit\Data\ToolbarConfigTest" classname="Tests.Unit.Data.ToolbarConfigTest" assertions="1" time="0.003644"/>
        <testcase name="it has default collectors on initialization" file="tests/Unit/Data/ToolbarConfigTest.php::it has default collectors on initialization" class="Tests\Unit\Data\ToolbarConfigTest" classname="Tests.Unit.Data.ToolbarConfigTest" assertions="1" time="0.003272"/>
        <testcase name="it sets empty collectors when empty array passed" file="tests/Unit/Data/ToolbarConfigTest.php::it sets empty collectors when empty array passed" class="Tests\Unit\Data\ToolbarConfigTest" classname="Tests.Unit.Data.ToolbarConfigTest" assertions="1" time="0.003367"/>
        <testcase name="it returns self when enabling console mode for chaining" file="tests/Unit/Data/ToolbarConfigTest.php::it returns self when enabling console mode for chaining" class="Tests\Unit\Data\ToolbarConfigTest" classname="Tests.Unit.Data.ToolbarConfigTest" assertions="1" time="0.003276"/>
        <testcase name="it enables toolbar via config" file="tests/Unit/Data/ToolbarConfigTest.php::it enables toolbar via config" class="Tests\Unit\Data\ToolbarConfigTest" classname="Tests.Unit.Data.ToolbarConfigTest" assertions="2" time="0.005724"/>
        <testcase name="it returns self when setting observers for chaining" file="tests/Unit/Data/ToolbarConfigTest.php::it returns self when setting observers for chaining" class="Tests\Unit\Data\ToolbarConfigTest" classname="Tests.Unit.Data.ToolbarConfigTest" assertions="1" time="0.005623"/>
        <testcase name="it filters enabled collectors" file="tests/Unit/Data/ToolbarConfigTest.php::it filters enabled collectors" class="Tests\Unit\Data\ToolbarConfigTest" classname="Tests.Unit.Data.ToolbarConfigTest" assertions="2" time="0.004320"/>
        <testcase name="it has console mode disabled by default" file="tests/Unit/Data/ToolbarConfigTest.php::it has console mode disabled by default" class="Tests\Unit\Data\ToolbarConfigTest" classname="Tests.Unit.Data.ToolbarConfigTest" assertions="1" time="0.005426"/>
        <testcase name="it returns all collectors when all are enabled" file="tests/Unit/Data/ToolbarConfigTest.php::it returns all collectors when all are enabled" class="Tests\Unit\Data\ToolbarConfigTest" classname="Tests.Unit.Data.ToolbarConfigTest" assertions="1" time="0.004251"/>
        <testcase name="it returns null when observer not found" file="tests/Unit/Data/ToolbarConfigTest.php::it returns null when observer not found" class="Tests\Unit\Data\ToolbarConfigTest" classname="Tests.Unit.Data.ToolbarConfigTest" assertions="1" time="0.004073"/>
        <testcase name="it can be instantiated" file="tests/Unit/Data/ToolbarConfigTest.php::it can be instantiated" class="Tests\Unit\Data\ToolbarConfigTest" classname="Tests.Unit.Data.ToolbarConfigTest" assertions="1" time="0.003673"/>
        <testcase name="it disables console mode" file="tests/Unit/Data/ToolbarConfigTest.php::it disables console mode" class="Tests\Unit\Data\ToolbarConfigTest" classname="Tests.Unit.Data.ToolbarConfigTest" assertions="1" time="0.003999"/>
        <testcase name="it sets collectors" file="tests/Unit/Data/ToolbarConfigTest.php::it sets collectors" class="Tests\Unit\Data\ToolbarConfigTest" classname="Tests.Unit.Data.ToolbarConfigTest" assertions="1" time="0.003763"/>
        <testcase name="it returns self when setting collectors for chaining" file="tests/Unit/Data/ToolbarConfigTest.php::it returns self when setting collectors for chaining" class="Tests\Unit\Data\ToolbarConfigTest" classname="Tests.Unit.Data.ToolbarConfigTest" assertions="1" time="0.004317"/>
        <testcase name="it enables console mode" file="tests/Unit/Data/ToolbarConfigTest.php::it enables console mode" class="Tests\Unit\Data\ToolbarConfigTest" classname="Tests.Unit.Data.ToolbarConfigTest" assertions="1" time="0.004490"/>
        <testcase name="it has default observers on initialization" file="tests/Unit/Data/ToolbarConfigTest.php::it has default observers on initialization" class="Tests\Unit\Data\ToolbarConfigTest" classname="Tests.Unit.Data.ToolbarConfigTest" assertions="1" time="0.005339"/>
      </testsuite>
      <testsuite name="Tests\Unit\Helpers\ProfileHelperTest" file="tests/Unit/Helpers/ProfileHelperTest.php" tests="4" assertions="8" errors="0" failures="0" skipped="0" time="0.035326">
        <testcase name="it global profile function records multiple markers" file="tests/Unit/Helpers/ProfileHelperTest.php::it global profile function records multiple markers" class="Tests\Unit\Helpers\ProfileHelperTest" classname="Tests.Unit.Helpers.ProfileHelperTest" assertions="1" time="0.024503"/>
        <testcase name="it global profile function records timing and memory" file="tests/Unit/Helpers/ProfileHelperTest.php::it global profile function records timing and memory" class="Tests\Unit\Helpers\ProfileHelperTest" classname="Tests.Unit.Helpers.ProfileHelperTest" assertions="4" time="0.003834"/>
        <testcase name="it global profile function exists" file="tests/Unit/Helpers/ProfileHelperTest.php::it global profile function exists" class="Tests\Unit\Helpers\ProfileHelperTest" classname="Tests.Unit.Helpers.ProfileHelperTest" assertions="1" time="0.003561"/>
        <testcase name="it global profile function records marker" file="tests/Unit/Helpers/ProfileHelperTest.php::it global profile function records marker" class="Tests\Unit\Helpers\ProfileHelperTest" classname="Tests.Unit.Helpers.ProfileHelperTest" assertions="2" time="0.003428"/>
      </testsuite>
      <testsuite name="Tests\Unit\Observers\QueryObserverTest" file="tests/Unit/Observers/QueryObserverTest.php" tests="26" assertions="43" errors="0" failures="0" skipped="0" time="0.138339">
        <testcase name="it records queries from QueryExecuted events" file="tests/Unit/Observers/QueryObserverTest.php::it records queries from QueryExecuted events" class="Tests\Unit\Observers\QueryObserverTest" classname="Tests.Unit.Observers.QueryObserverTest" assertions="2" time="0.008816"/>
        <testcase name="it tracks memory usage per query" file="tests/Unit/Observers/QueryObserverTest.php::it tracks memory usage per query" class="Tests\Unit\Observers\QueryObserverTest" classname="Tests.Unit.Observers.QueryObserverTest" assertions="1" time="0.004802"/>
        <testcase name="it calculates total query time" file="tests/Unit/Observers/QueryObserverTest.php::it calculates total query time" class="Tests\Unit\Observers\QueryObserverTest" classname="Tests.Unit.Observers.QueryObserverTest" assertions="1" time="0.005324"/>
        <testcase name="it handles numeric bindings" file="tests/Unit/Observers/QueryObserverTest.php::it handles numeric bindings" class="Tests\Unit\Observers\QueryObserverTest" classname="Tests.Unit.Observers.QueryObserverTest" assertions="1" time="0.005018"/>
        <testcase name="it tracks connections" file="tests/Unit/Observers/QueryObserverTest.php::it tracks connections" class="Tests\Unit\Observers\QueryObserverTest" classname="Tests.Unit.Observers.QueryObserverTest" assertions="1" time="0.004727"/>
        <testcase name="it detects duplicate queries by sql hash" file="tests/Unit/Observers/QueryObserverTest.php::it detects duplicate queries by sql hash" class="Tests\Unit\Observers\QueryObserverTest" classname="Tests.Unit.Observers.QueryObserverTest" assertions="3" time="0.004823"/>
        <testcase name="it does not mark fast queries as slow" file="tests/Unit/Observers/QueryObserverTest.php::it does not mark fast queries as slow" class="Tests\Unit\Observers\QueryObserverTest" classname="Tests.Unit.Observers.QueryObserverTest" assertions="1" time="0.004538"/>
        <testcase name="it records query driver name" file="tests/Unit/Observers/QueryObserverTest.php::it records query driver name" class="Tests\Unit\Observers\QueryObserverTest" classname="Tests.Unit.Observers.QueryObserverTest" assertions="1" time="0.005150"/>
        <testcase name="it captures file and line in non-production" file="tests/Unit/Observers/QueryObserverTest.php::it captures file and line in non-production" class="Tests\Unit\Observers\QueryObserverTest" classname="Tests.Unit.Observers.QueryObserverTest" assertions="1" time="0.004740"/>
        <testcase name="it provides reset method for Octane compatibility" file="tests/Unit/Observers/QueryObserverTest.php::it provides reset method for Octane compatibility" class="Tests\Unit\Observers\QueryObserverTest" classname="Tests.Unit.Observers.QueryObserverTest" assertions="1" time="0.004694"/>
        <testcase name="it detects duplicate hashes" file="tests/Unit/Observers/QueryObserverTest.php::it detects duplicate hashes" class="Tests\Unit\Observers\QueryObserverTest" classname="Tests.Unit.Observers.QueryObserverTest" assertions="3" time="0.004891"/>
        <testcase name="it handles null bindings" file="tests/Unit/Observers/QueryObserverTest.php::it handles null bindings" class="Tests\Unit\Observers\QueryObserverTest" classname="Tests.Unit.Observers.QueryObserverTest" assertions="2" time="0.005673"/>
        <testcase name="it tracks databases" file="tests/Unit/Observers/QueryObserverTest.php::it tracks databases" class="Tests\Unit\Observers\QueryObserverTest" classname="Tests.Unit.Observers.QueryObserverTest" assertions="1" time="0.005958"/>
        <testcase name="it reset clears connections" file="tests/Unit/Observers/QueryObserverTest.php::it reset clears connections" class="Tests\Unit\Observers\QueryObserverTest" classname="Tests.Unit.Observers.QueryObserverTest" assertions="2" time="0.006187"/>
        <testcase name="it reset allows fresh duplicate detection" file="tests/Unit/Observers/QueryObserverTest.php::it reset allows fresh duplicate detection" class="Tests\Unit\Observers\QueryObserverTest" classname="Tests.Unit.Observers.QueryObserverTest" assertions="2" time="0.006390"/>
        <testcase name="it tracks drivers" file="tests/Unit/Observers/QueryObserverTest.php::it tracks drivers" class="Tests\Unit\Observers\QueryObserverTest" classname="Tests.Unit.Observers.QueryObserverTest" assertions="1" time="0.005393"/>
        <testcase name="it reset clears hashes" file="tests/Unit/Observers/QueryObserverTest.php::it reset clears hashes" class="Tests\Unit\Observers\QueryObserverTest" classname="Tests.Unit.Observers.QueryObserverTest" assertions="2" time="0.005306"/>
        <testcase name="it reset clears all queries" file="tests/Unit/Observers/QueryObserverTest.php::it reset clears all queries" class="Tests\Unit\Observers\QueryObserverTest" classname="Tests.Unit.Observers.QueryObserverTest" assertions="2" time="0.004626"/>
        <testcase name="it records query connection name" file="tests/Unit/Observers/QueryObserverTest.php::it records query connection name" class="Tests\Unit\Observers\QueryObserverTest" classname="Tests.Unit.Observers.QueryObserverTest" assertions="1" time="0.004295"/>
        <testcase name="it reset simulates Octane request boundary" file="tests/Unit/Observers/QueryObserverTest.php::it reset simulates Octane request boundary" class="Tests\Unit\Observers\QueryObserverTest" classname="Tests.Unit.Observers.QueryObserverTest" assertions="3" time="0.004656"/>
        <testcase name="it reset clears drivers" file="tests/Unit/Observers/QueryObserverTest.php::it reset clears drivers" class="Tests\Unit\Observers\QueryObserverTest" classname="Tests.Unit.Observers.QueryObserverTest" assertions="2" time="0.004198"/>
        <testcase name="it reset clears total time" file="tests/Unit/Observers/QueryObserverTest.php::it reset clears total time" class="Tests\Unit\Observers\QueryObserverTest" classname="Tests.Unit.Observers.QueryObserverTest" assertions="2" time="0.008562"/>
        <testcase name="it marks slow queries over 100ms threshold" file="tests/Unit/Observers/QueryObserverTest.php::it marks slow queries over 100ms threshold" class="Tests\Unit\Observers\QueryObserverTest" classname="Tests.Unit.Observers.QueryObserverTest" assertions="1" time="0.005405"/>
        <testcase name="it replaces bindings in sql correctly" file="tests/Unit/Observers/QueryObserverTest.php::it replaces bindings in sql correctly" class="Tests\Unit\Observers\QueryObserverTest" classname="Tests.Unit.Observers.QueryObserverTest" assertions="2" time="0.004986"/>
        <testcase name="it reset clears databases" file="tests/Unit/Observers/QueryObserverTest.php::it reset clears databases" class="Tests\Unit\Observers\QueryObserverTest" classname="Tests.Unit.Observers.QueryObserverTest" assertions="2" time="0.004494"/>
        <testcase name="it generates hash for queries" file="tests/Unit/Observers/QueryObserverTest.php::it generates hash for queries" class="Tests\Unit\Observers\QueryObserverTest" classname="Tests.Unit.Observers.QueryObserverTest" assertions="2" time="0.004688"/>
      </testsuite>
      <testsuite name="Tests\Unit\Collectors\TailwindCollectorTest" file="tests/Unit/Collectors/TailwindCollectorTest.php" tests="9" assertions="10" errors="0" failures="0" skipped="0" time="0.065772">
        <testcase name="it can be instantiated with custom config" file="tests/Unit/Collectors/TailwindCollectorTest.php::it can be instantiated with custom config" class="Tests\Unit\Collectors\TailwindCollectorTest" classname="Tests.Unit.Collectors.TailwindCollectorTest" assertions="1" time="0.039174"/>
        <testcase name="it has correct key" file="tests/Unit/Collectors/TailwindCollectorTest.php::it has correct key" class="Tests\Unit\Collectors\TailwindCollectorTest" classname="Tests.Unit.Collectors.TailwindCollectorTest" assertions="1" time="0.003348"/>
        <testcase name="it checks tailwind v4 vite plugin first" file="tests/Unit/Collectors/TailwindCollectorTest.php::it checks tailwind v4 vite plugin first" class="Tests\Unit\Collectors\TailwindCollectorTest" classname="Tests.Unit.Collectors.TailwindCollectorTest" assertions="1" time="0.003382"/>
        <testcase name="it has enabled config by default" file="tests/Unit/Collectors/TailwindCollectorTest.php::it has enabled config by default" class="Tests\Unit\Collectors\TailwindCollectorTest" classname="Tests.Unit.Collectors.TailwindCollectorTest" assertions="1" time="0.003360"/>
        <testcase name="it handles missing node_modules gracefully" file="tests/Unit/Collectors/TailwindCollectorTest.php::it handles missing node_modules gracefully" class="Tests\Unit\Collectors\TailwindCollectorTest" classname="Tests.Unit.Collectors.TailwindCollectorTest" assertions="2" time="0.003302"/>
        <testcase name="it falls back to main tailwindcss package for v3" file="tests/Unit/Collectors/TailwindCollectorTest.php::it falls back to main tailwindcss package for v3" class="Tests\Unit\Collectors\TailwindCollectorTest" classname="Tests.Unit.Collectors.TailwindCollectorTest" assertions="1" time="0.003392"/>
        <testcase name="it returns tailwind data dto" file="tests/Unit/Collectors/TailwindCollectorTest.php::it returns tailwind data dto" class="Tests\Unit\Collectors\TailwindCollectorTest" classname="Tests.Unit.Collectors.TailwindCollectorTest" assertions="1" time="0.003452"/>
        <testcase name="it returns null or string version depending on tailwind installation" file="tests/Unit/Collectors/TailwindCollectorTest.php::it returns null or string version depending on tailwind installation" class="Tests\Unit\Collectors\TailwindCollectorTest" classname="Tests.Unit.Collectors.TailwindCollectorTest" assertions="1" time="0.003245"/>
        <testcase name="it has correct config class" file="tests/Unit/Collectors/TailwindCollectorTest.php::it has correct config class" class="Tests\Unit\Collectors\TailwindCollectorTest" classname="Tests.Unit.Collectors.TailwindCollectorTest" assertions="1" time="0.003116"/>
      </testsuite>
      <testsuite name="Tests\Unit\Observers\RoutingObserverTest" file="tests/Unit/Observers/RoutingObserverTest.php" tests="4" assertions="4" errors="0" failures="0" skipped="0" time="0.019832">
        <testcase name="it records AFTER_ROUTING checkpoint on RouteMatched event" file="tests/Unit/Observers/RoutingObserverTest.php::it records AFTER_ROUTING checkpoint on RouteMatched event" class="Tests\Unit\Observers\RoutingObserverTest" classname="Tests.Unit.Observers.RoutingObserverTest" assertions="1" time="0.009264"/>
        <testcase name="it listens to Routing event" file="tests/Unit/Observers/RoutingObserverTest.php::it listens to Routing event" class="Tests\Unit\Observers\RoutingObserverTest" classname="Tests.Unit.Observers.RoutingObserverTest" assertions="1" time="0.003446"/>
        <testcase name="it listens to RouteMatched event" file="tests/Unit/Observers/RoutingObserverTest.php::it listens to RouteMatched event" class="Tests\Unit\Observers\RoutingObserverTest" classname="Tests.Unit.Observers.RoutingObserverTest" assertions="1" time="0.003651"/>
        <testcase name="it records BEFORE_ROUTING checkpoint on Routing event" file="tests/Unit/Observers/RoutingObserverTest.php::it records BEFORE_ROUTING checkpoint on Routing event" class="Tests\Unit\Observers\RoutingObserverTest" classname="Tests.Unit.Observers.RoutingObserverTest" assertions="1" time="0.003471"/>
      </testsuite>
      <testsuite name="Tests\Unit\Services\ProfilerTest" file="tests/Unit/Services/ProfilerTest.php" tests="28" assertions="47" errors="0" failures="0" skipped="0" time="0.099411">
        <testcase name="it clears profile markers after getting request stages" file="tests/Unit/Services/ProfilerTest.php::it clears profile markers after getting request stages" class="Tests\Unit\Services\ProfilerTest" classname="Tests.Unit.Services.ProfilerTest" assertions="2" time="0.006698"/>
        <testcase name="it returns null when no checkpoints with memory exist" file="tests/Unit/Services/ProfilerTest.php::it returns null when no checkpoints with memory exist" class="Tests\Unit\Services\ProfilerTest" classname="Tests.Unit.Services.ProfilerTest" assertions="1" time="0.003459"/>
        <testcase name="it gets profile markers" file="tests/Unit/Services/ProfilerTest.php::it gets profile markers" class="Tests\Unit\Services\ProfilerTest" classname="Tests.Unit.Services.ProfilerTest" assertions="2" time="0.003646"/>
        <testcase name="it clears profile markers" file="tests/Unit/Services/ProfilerTest.php::it clears profile markers" class="Tests\Unit\Services\ProfilerTest" classname="Tests.Unit.Services.ProfilerTest" assertions="2" time="0.003253"/>
        <testcase name="it creates default checkpoint data when none provided" file="tests/Unit/Services/ProfilerTest.php::it creates default checkpoint data when none provided" class="Tests\Unit\Services\ProfilerTest" classname="Tests.Unit.Services.ProfilerTest" assertions="1" time="0.003316"/>
        <testcase name="it records profile marker with label" file="tests/Unit/Services/ProfilerTest.php::it records profile marker with label" class="Tests\Unit\Services\ProfilerTest" classname="Tests.Unit.Services.ProfilerTest" assertions="1" time="0.003228"/>
        <testcase name="it gets checkpoint by id" file="tests/Unit/Services/ProfilerTest.php::it gets checkpoint by id" class="Tests\Unit\Services\ProfilerTest" classname="Tests.Unit.Services.ProfilerTest" assertions="3" time="0.003419"/>
        <testcase name="it gets current memory usage from latest checkpoint with memory" file="tests/Unit/Services/ProfilerTest.php::it gets current memory usage from latest checkpoint with memory" class="Tests\Unit\Services\ProfilerTest" classname="Tests.Unit.Services.ProfilerTest" assertions="2" time="0.003309"/>
        <testcase name="it records checkpoints with memory" file="tests/Unit/Services/ProfilerTest.php::it records checkpoints with memory" class="Tests\Unit\Services\ProfilerTest" classname="Tests.Unit.Services.ProfilerTest" assertions="2" time="0.003396"/>
        <testcase name="it returns null for missing checkpoints" file="tests/Unit/Services/ProfilerTest.php::it returns null for missing checkpoints" class="Tests\Unit\Services\ProfilerTest" classname="Tests.Unit.Services.ProfilerTest" assertions="1" time="0.003271"/>
        <testcase name="it returns profile markers with request stages" file="tests/Unit/Services/ProfilerTest.php::it returns profile markers with request stages" class="Tests\Unit\Services\ProfilerTest" classname="Tests.Unit.Services.ProfilerTest" assertions="3" time="0.003430"/>
        <testcase name="it gets last view render" file="tests/Unit/Services/ProfilerTest.php::it gets last view render" class="Tests\Unit\Services\ProfilerTest" classname="Tests.Unit.Services.ProfilerTest" assertions="1" time="0.003152"/>
        <testcase name="it tracks view renders" file="tests/Unit/Services/ProfilerTest.php::it tracks view renders" class="Tests\Unit\Services\ProfilerTest" classname="Tests.Unit.Services.ProfilerTest" assertions="2" time="0.003372"/>
        <testcase name="it records profile markers" file="tests/Unit/Services/ProfilerTest.php::it records profile markers" class="Tests\Unit\Services\ProfilerTest" classname="Tests.Unit.Services.ProfilerTest" assertions="1" time="0.003490"/>
        <testcase name="it records profile marker with memory" file="tests/Unit/Services/ProfilerTest.php::it records profile marker with memory" class="Tests\Unit\Services\ProfilerTest" classname="Tests.Unit.Services.ProfilerTest" assertions="2" time="0.003227"/>
        <testcase name="it records checkpoints" file="tests/Unit/Services/ProfilerTest.php::it records checkpoints" class="Tests\Unit\Services\ProfilerTest" classname="Tests.Unit.Services.ProfilerTest" assertions="1" time="0.003221"/>
        <testcase name="it records checkpoints with timestamp" file="tests/Unit/Services/ProfilerTest.php::it records checkpoints with timestamp" class="Tests\Unit\Services\ProfilerTest" classname="Tests.Unit.Services.ProfilerTest" assertions="2" time="0.003306"/>
        <testcase name="it can record checkpoint without memory measurement" file="tests/Unit/Services/ProfilerTest.php::it can record checkpoint without memory measurement" class="Tests\Unit\Services\ProfilerTest" classname="Tests.Unit.Services.ProfilerTest" assertions="2" time="0.003476"/>
        <testcase name="it accepts custom checkpoint data" file="tests/Unit/Services/ProfilerTest.php::it accepts custom checkpoint data" class="Tests\Unit\Services\ProfilerTest" classname="Tests.Unit.Services.ProfilerTest" assertions="2" time="0.003596"/>
        <testcase name="it silently ignores duplicate checkpoint recordings" file="tests/Unit/Services/ProfilerTest.php::it silently ignores duplicate checkpoint recordings" class="Tests\Unit\Services\ProfilerTest" classname="Tests.Unit.Services.ProfilerTest" assertions="1" time="0.003844"/>
        <testcase name="it clears checkpoints after getting request stages" file="tests/Unit/Services/ProfilerTest.php::it clears checkpoints after getting request stages" class="Tests\Unit\Services\ProfilerTest" classname="Tests.Unit.Services.ProfilerTest" assertions="2" time="0.003471"/>
        <testcase name="it records multiple profile markers" file="tests/Unit/Services/ProfilerTest.php::it records multiple profile markers" class="Tests\Unit\Services\ProfilerTest" classname="Tests.Unit.Services.ProfilerTest" assertions="4" time="0.003465"/>
        <testcase name="it returns null for last view render when no views rendered" file="tests/Unit/Services/ProfilerTest.php::it returns null for last view render when no views rendered" class="Tests\Unit\Services\ProfilerTest" classname="Tests.Unit.Services.ProfilerTest" assertions="1" time="0.003353"/>
        <testcase name="it stores checkpoints by their enum ProfilerTest" file="tests/Unit/Services/ProfilerTest.php::it stores checkpoints by their enum ProfilerTest" class="Tests\Unit\Services\ProfilerTest" classname="Tests.Unit.Services.ProfilerTest" assertions="1" time="0.003392"/>
        <testcase name="it records profile marker with time" file="tests/Unit/Services/ProfilerTest.php::it records profile marker with time" class="Tests\Unit\Services\ProfilerTest" classname="Tests.Unit.Services.ProfilerTest" assertions="2" time="0.003663"/>
        <testcase name="it returns request stages array" file="tests/Unit/Services/ProfilerTest.php::it returns request stages array" class="Tests\Unit\Services\ProfilerTest" classname="Tests.Unit.Services.ProfilerTest" assertions="1" time="0.003714"/>
        <testcase name="it gets first view render" file="tests/Unit/Services/ProfilerTest.php::it gets first view render" class="Tests\Unit\Services\ProfilerTest" classname="Tests.Unit.Services.ProfilerTest" assertions="1" time="0.003667"/>
        <testcase name="it returns null for first view render when no views rendered" file="tests/Unit/Services/ProfilerTest.php::it returns null for first view render when no views rendered" class="Tests\Unit\Services\ProfilerTest" classname="Tests.Unit.Services.ProfilerTest" assertions="1" time="0.003576"/>
      </testsuite>
      <testsuite name="Tests\Unit\Collectors\VueCollectorTest" file="tests/Unit/Collectors/VueCollectorTest.php" tests="7" assertions="7" errors="0" failures="0" skipped="0" time="0.032862">
        <testcase name="it can be instantiated with custom config" file="tests/Unit/Collectors/VueCollectorTest.php::it can be instantiated with custom config" class="Tests\Unit\Collectors\VueCollectorTest" classname="Tests.Unit.Collectors.VueCollectorTest" assertions="1" time="0.013091"/>
        <testcase name="it returns null or string version depending on vue installation" file="tests/Unit/Collectors/VueCollectorTest.php::it returns null or string version depending on vue installation" class="Tests\Unit\Collectors\VueCollectorTest" classname="Tests.Unit.Collectors.VueCollectorTest" assertions="1" time="0.003677"/>
        <testcase name="it has correct config class" file="tests/Unit/Collectors/VueCollectorTest.php::it has correct config class" class="Tests\Unit\Collectors\VueCollectorTest" classname="Tests.Unit.Collectors.VueCollectorTest" assertions="1" time="0.003404"/>
        <testcase name="it has correct key" file="tests/Unit/Collectors/VueCollectorTest.php::it has correct key" class="Tests\Unit\Collectors\VueCollectorTest" classname="Tests.Unit.Collectors.VueCollectorTest" assertions="1" time="0.003192"/>
        <testcase name="it returns vue data dto" file="tests/Unit/Collectors/VueCollectorTest.php::it returns vue data dto" class="Tests\Unit\Collectors\VueCollectorTest" classname="Tests.Unit.Collectors.VueCollectorTest" assertions="1" time="0.003132"/>
        <testcase name="it returns null or string editor url depending on package.json" file="tests/Unit/Collectors/VueCollectorTest.php::it returns null or string editor url depending on package.json" class="Tests\Unit\Collectors\VueCollectorTest" classname="Tests.Unit.Collectors.VueCollectorTest" assertions="1" time="0.003188"/>
        <testcase name="it has enabled config by default" file="tests/Unit/Collectors/VueCollectorTest.php::it has enabled config by default" class="Tests\Unit\Collectors\VueCollectorTest" classname="Tests.Unit.Collectors.VueCollectorTest" assertions="1" time="0.003177"/>
      </testsuite>
    </testsuite>
  </testsuite>
</testsuites>
